2024-01-27 06:10:52,848, alp_super_dema_bodyatr Position:1.2
2024-01-27 06:10:53,043, alp_adx_stochrsi_dematr Position:0.2
2024-01-27 06:10:53,225, alp_macd_dematr Position:0.0
2024-01-27 06:10:53,225, Combined Signal Position:1.4
-- -- -- -- -- -- -- -- --
2024-01-27 06:11:08,620, alp_super_dema_bodyatr Position:1.2
2024-01-27 06:11:08,818, alp_adx_stochrsi_dematr Position:0.2
2024-01-27 06:11:09,006, alp_macd_dematr Position:0.0
2024-01-27 06:11:09,006, Combined Signal Position:1.4
-- -- -- -- -- -- -- -- --
2024-01-27 06:11:24,394, alp_super_dema_bodyatr Position:1.2
2024-01-27 06:11:24,588, alp_adx_stochrsi_dematr Position:0.2
2024-01-27 06:11:24,773, alp_macd_dematr Position:0.0
2024-01-27 06:11:24,773, Combined Signal Position:1.4
-- -- -- -- -- -- -- -- --
2024-01-27 06:11:40,137, alp_super_dema_bodyatr Position:1.2
2024-01-27 06:11:40,328, alp_adx_stochrsi_dematr Position:0.2
2024-01-27 06:11:40,513, alp_macd_dematr Position:0.0
2024-01-27 06:11:40,513, Combined Signal Position:1.4
-- -- -- -- -- -- -- -- --
2024-01-27 06:11:55,908, alp_super_dema_bodyatr Position:1.2
2024-01-27 06:11:56,108, alp_adx_stochrsi_dematr Position:0.2
2024-01-27 06:11:56,299, alp_macd_dematr Position:0.0
2024-01-27 06:11:56,299, Combined Signal Position:1.4
-- -- -- -- -- -- -- -- --
2024-01-27 06:12:11,685, alp_super_dema_bodyatr Position:1.2
2024-01-27 06:12:11,877, alp_adx_stochrsi_dematr Position:0.2
2024-01-27 06:12:12,077, alp_macd_dematr Position:0.0
2024-01-27 06:12:12,077, Combined Signal Position:1.4
-- -- -- -- -- -- -- -- --
2024-01-27 06:12:27,502, alp_super_dema_bodyatr Position:1.2
2024-01-27 06:12:27,697, alp_adx_stochrsi_dematr Position:0.2
2024-01-27 06:12:27,882, alp_macd_dematr Position:0.0
2024-01-27 06:12:27,882, Combined Signal Position:1.4
-- -- -- -- -- -- -- -- --
2024-01-27 06:12:43,271, alp_super_dema_bodyatr Position:1.2
2024-01-27 06:12:43,468, alp_adx_stochrsi_dematr Position:0.2
2024-01-27 06:12:43,653, alp_macd_dematr Position:0.0
2024-01-27 06:12:43,653, Combined Signal Position:1.4
-- -- -- -- -- -- -- -- --
2024-01-27 06:12:59,082, alp_super_dema_bodyatr Position:1.2
2024-01-27 06:12:59,272, alp_adx_stochrsi_dematr Position:0.2
2024-01-27 06:12:59,456, alp_macd_dematr Position:0.0
2024-01-27 06:12:59,456, Combined Signal Position:1.4
-- -- -- -- -- -- -- -- --
2024-01-27 06:13:14,861, alp_super_dema_bodyatr Position:1.2
2024-01-27 06:13:15,058, alp_adx_stochrsi_dematr Position:0.2
2024-01-27 06:13:15,243, alp_macd_dematr Position:0.0
2024-01-27 06:13:15,243, Combined Signal Position:1.4
-- -- -- -- -- -- -- -- --
2024-01-27 06:13:30,623, alp_super_dema_bodyatr Position:1.2
2024-01-27 06:13:30,814, alp_adx_stochrsi_dematr Position:0.2
2024-01-27 06:13:31,000, alp_macd_dematr Position:0.0
2024-01-27 06:13:31,000, Combined Signal Position:1.4
-- -- -- -- -- -- -- -- --
2024-01-27 06:13:46,396, alp_super_dema_bodyatr Position:1.2
2024-01-27 06:13:46,592, alp_adx_stochrsi_dematr Position:0.2
2024-01-27 06:13:46,779, alp_macd_dematr Position:0.0
2024-01-27 06:13:46,779, Combined Signal Position:1.4
-- -- -- -- -- -- -- -- --
2024-01-27 06:14:02,171, alp_super_dema_bodyatr Position:1.2
2024-01-27 06:14:02,370, alp_adx_stochrsi_dematr Position:0.2
2024-01-27 06:14:02,564, alp_macd_dematr Position:0.0
2024-01-27 06:14:02,564, Combined Signal Position:1.4
-- -- -- -- -- -- -- -- --
2024-01-27 06:14:17,992, alp_super_dema_bodyatr Position:1.2
2024-01-27 06:14:18,187, alp_adx_stochrsi_dematr Position:0.2
2024-01-27 06:14:18,374, alp_macd_dematr Position:0.0
2024-01-27 06:14:18,374, Combined Signal Position:1.4
-- -- -- -- -- -- -- -- --
2024-01-27 06:14:33,755, alp_super_dema_bodyatr Position:1.2
2024-01-27 06:14:33,947, alp_adx_stochrsi_dematr Position:0.2
2024-01-27 06:14:34,133, alp_macd_dematr Position:0.0
2024-01-27 06:14:34,133, Combined Signal Position:1.4
-- -- -- -- -- -- -- -- --
