2024-01-31 02:02:11,248, Start optimizing macdrvs_dematr_sing for goal score on ETHUSDT 5m from 2023-10-19 to 2024-01-27 based on goal of score
2024-01-31 02:12:36,918, Top 10 results:
Rank 1:
  Params: {'fast': 16, 'slow': 22, 'signaling': 9, 'threshold': 0.2, 'dema_len': 37, 'atr_profit': 6, 'atr_loss': 4}
  Value: 8266.51917867335

  Performance: {'final_value': 111747.4984, 'win_ratio': 0.41572986996643824, 'single_avg_wlr': 1.6926456664349971, 'total_trades': 89, 'return': 0.117474984, 'diysharpe': 6.749129275661524, 'commission': 0.061765016000000006, 'score': 8266.51917867335}

Rank 2:
  Params: {'fast': 8, 'slow': 17, 'signaling': 6, 'threshold': 0.2, 'dema_len': 38, 'atr_profit': 5, 'atr_loss': 4}
  Value: 7678.378608082609

  Performance: {'final_value': 112254.21471999996, 'win_ratio': 0.41666631944473376, 'single_avg_wlr': 1.503819252169554, 'total_trades': 120, 'return': 0.12254214719999967, 'diysharpe': 7.914691991393097, 'commission': 0.0823698528, 'score': 7678.378608082609}

Rank 3:
  Params: {'fast': 8, 'slow': 15, 'signaling': 9, 'threshold': 0.1, 'dema_len': 38, 'atr_profit': 7, 'atr_loss': 4}
  Value: 7460.082361821855

  Performance: {'final_value': 110926.62623999995, 'win_ratio': 0.3981477794927967, 'single_avg_wlr': 1.714799059268049, 'total_trades': 108, 'return': 0.10926626239999959, 'diysharpe': 6.02305773702518, 'commission': 0.0741257376, 'score': 7460.082361821855}

Rank 4:
  Params: {'fast': 18, 'slow': 26, 'signaling': 7, 'threshold': 0.1, 'dema_len': 40, 'atr_profit': 7, 'atr_loss': 4}
  Value: 7167.630035827745

  Performance: {'final_value': 108399.77472000004, 'win_ratio': 0.3749995738641206, 'single_avg_wlr': 2.275501719126054, 'total_trades': 88, 'return': 0.08399774720000042, 'diysharpe': 5.3953596711093095, 'commission': 0.060842252799999996, 'score': 7167.630035827745}

Rank 5:
  Params: {'fast': 10, 'slow': 15, 'signaling': 5, 'threshold': 0.1, 'dema_len': 36, 'atr_profit': 4, 'atr_loss': 4}
  Value: 5690.716467611976

  Performance: {'final_value': 112095.35823999994, 'win_ratio': 0.4924238693758565, 'single_avg_wlr': 0.9554525322109545, 'total_trades': 132, 'return': 0.12095358239999943, 'diysharpe': 8.657631546655411, 'commission': 0.0903544176, 'score': 5690.716467611976}

Rank 6:
  Params: {'fast': 9, 'slow': 18, 'signaling': 5, 'threshold': 0.2, 'dema_len': 36, 'atr_profit': 4, 'atr_loss': 4}
  Value: 5598.626172865222

  Performance: {'final_value': 111686.48063999997, 'win_ratio': 0.4962402283908057, 'single_avg_wlr': 0.9653965847654236, 'total_trades': 133, 'return': 0.11686480639999974, 'diysharpe': 9.034378267569904, 'commission': 0.0916511936, 'score': 5598.626172865222}

Rank 7:
  Params: {'fast': 17, 'slow': 19, 'signaling': 8, 'threshold': 0.1, 'dema_len': 41, 'atr_profit': 7, 'atr_loss': 4}
  Value: 5452.868380185877

  Performance: {'final_value': 108503.3164800001, 'win_ratio': 0.44318131456668797, 'single_avg_wlr': 1.446955684944735, 'total_trades': 88, 'return': 0.0850331648000009, 'diysharpe': 4.944075537615477, 'commission': 0.0603508352, 'score': 5452.868380185877}

Rank 8:
  Params: {'fast': 13, 'slow': 19, 'signaling': 8, 'threshold': 0.1, 'dema_len': 39, 'atr_profit': 8, 'atr_loss': 4}
  Value: 5260.011006230841

  Performance: {'final_value': 108267.99856000002, 'win_ratio': 0.4456516895090331, 'single_avg_wlr': 1.4275479452274638, 'total_trades': 92, 'return': 0.08267998560000023, 'diysharpe': 4.464396103125757, 'commission': 0.06363601440000001, 'score': 5260.011006230841}

Rank 9:
  Params: {'fast': 18, 'slow': 17, 'signaling': 8, 'threshold': 0.1, 'dema_len': 38, 'atr_profit': 7, 'atr_loss': 4}
  Value: 5114.186372667368

  Performance: {'final_value': 107919.11264000011, 'win_ratio': 0.4999992857153061, 'single_avg_wlr': 1.2916077624191566, 'total_trades': 70, 'return': 0.07919112640000114, 'diysharpe': 4.313217216244063, 'commission': 0.047656873599999997, 'score': 5114.186372667368}

Rank 10:
  Params: {'fast': 8, 'slow': 16, 'signaling': 6, 'threshold': 0.2, 'dema_len': 38, 'atr_profit': 5, 'atr_loss': 4}
  Value: 4988.580987183453

  Performance: {'final_value': 108391.30671999994, 'win_ratio': 0.4083329930558391, 'single_avg_wlr': 1.455904737875515, 'total_trades': 120, 'return': 0.08391306719999925, 'diysharpe': 5.589624135639864, 'commission': 0.0818749328, 'score': 4988.580987183453}


