2024-01-27 05:07:06,394, Start optimizing macd_dematr_multi for goal score on ETHUSDT 5m from 2023-10-18 00:00:00 to 2024-01-25 based on goal of score
2024-01-27 05:17:07,412, Top 10 results:
Rank 1:
  Params: {'fast': 8, 'slow': 41, 'signaling': 8, 'threshold': 0.4, 'dema_len': 22, 'atr_profit': 7, 'atr_loss': 4}
  Value: 126849.3941154933

  Performance: {'final_value': 158151.37562666676, 'win_ratio': 0.428570553937645, 'single_avg_wlr': 5.089862801316457, 'total_trades': 49, 'return': 0.5815137562666677, 'diysharpe': 12.508096387966905, 'commission': 0.024296910400000003, 'score': 126849.3941154933}

Rank 2:
  Params: {'fast': 8, 'slow': 44, 'signaling': 6, 'threshold': 0.4, 'dema_len': 23, 'atr_profit': 7, 'atr_loss': 4}
  Value: 97046.45020896333

  Performance: {'final_value': 155508.13637333325, 'win_ratio': 0.4237280953761095, 'single_avg_wlr': 4.126061972943177, 'total_trades': 59, 'return': 0.5550813637333325, 'diysharpe': 12.00249321468882, 'commission': 0.026659969600000003, 'score': 97046.45020896333}

Rank 3:
  Params: {'fast': 8, 'slow': 44, 'signaling': 6, 'threshold': 0.4, 'dema_len': 23, 'atr_profit': 7, 'atr_loss': 4}
  Value: 97046.45020896333

  Performance: {'final_value': 155508.13637333325, 'win_ratio': 0.4237280953761095, 'single_avg_wlr': 4.126061972943177, 'total_trades': 59, 'return': 0.5550813637333325, 'diysharpe': 12.00249321468882, 'commission': 0.026659969600000003, 'score': 97046.45020896333}

Rank 4:
  Params: {'fast': 8, 'slow': 44, 'signaling': 6, 'threshold': 0.4, 'dema_len': 22, 'atr_profit': 7, 'atr_loss': 4}
  Value: 90239.67469232678

  Performance: {'final_value': 154380.53637333334, 'win_ratio': 0.43103373959700064, 'single_avg_wlr': 3.8498407740523746, 'total_trades': 58, 'return': 0.5438053637333333, 'diysharpe': 11.616355046861925, 'commission': 0.026659969600000003, 'score': 90239.67469232678}

Rank 5:
  Params: {'fast': 8, 'slow': 44, 'signaling': 6, 'threshold': 0.5, 'dema_len': 28, 'atr_profit': 6, 'atr_loss': 4}
  Value: 88794.82187282931

  Performance: {'final_value': 151361.50053333325, 'win_ratio': 0.45714220408256556, 'single_avg_wlr': 3.781800537633685, 'total_trades': 70, 'return': 0.5136150053333326, 'diysharpe': 15.561513990844212, 'commission': 0.031330328, 'score': 88794.82187282931}

Rank 6:
  Params: {'fast': 8, 'slow': 44, 'signaling': 5, 'threshold': 0.4, 'dema_len': 28, 'atr_profit': 6, 'atr_loss': 4}
  Value: 71592.0934661733

  Performance: {'final_value': 141070.10314666657, 'win_ratio': 0.3787873048677199, 'single_avg_wlr': 4.601970743635976, 'total_trades': 66, 'return': 0.4107010314666657, 'diysharpe': 10.710667433239653, 'commission': 0.027001635200000002, 'score': 71592.0934661733}

Rank 7:
  Params: {'fast': 8, 'slow': 40, 'signaling': 6, 'threshold': 0.4, 'dema_len': 27, 'atr_profit': 6, 'atr_loss': 4}
  Value: 63533.81295912405

  Performance: {'final_value': 141502.55248000004, 'win_ratio': 0.43548316857553454, 'single_avg_wlr': 3.5152704106173185, 'total_trades': 62, 'return': 0.4150255248000003, 'diysharpe': 11.296536968250882, 'commission': 0.0264504752, 'score': 63533.81295912405}

Rank 8:
  Params: {'fast': 7, 'slow': 43, 'signaling': 5, 'threshold': 0.4, 'dema_len': 27, 'atr_profit': 6, 'atr_loss': 4}
  Value: 57061.81391673358

  Performance: {'final_value': 139201.65344, 'win_ratio': 0.4374993164073181, 'single_avg_wlr': 3.327084334084679, 'total_trades': 64, 'return': 0.39201653439999995, 'diysharpe': 9.6168270940052, 'commission': 0.0277514656, 'score': 57061.81391673358}

Rank 9:
  Params: {'fast': 9, 'slow': 44, 'signaling': 6, 'threshold': 0.5, 'dema_len': 23, 'atr_profit': 7, 'atr_loss': 4}
  Value: 56234.6458640814

  Performance: {'final_value': 141901.9330666665, 'win_ratio': 0.43661910335337556, 'single_avg_wlr': 3.0737403077384897, 'total_trades': 71, 'return': 0.41901933066666497, 'diysharpe': 14.128556051813367, 'commission': 0.032593336, 'score': 56234.6458640814}

Rank 10:
  Params: {'fast': 7, 'slow': 41, 'signaling': 10, 'threshold': 0.4, 'dema_len': 21, 'atr_profit': 7, 'atr_loss': 4}
  Value: 56039.98307478275

  Performance: {'final_value': 138637.7792000001, 'win_ratio': 0.4255310095084904, 'single_avg_wlr': 3.4084319324868053, 'total_trades': 47, 'return': 0.3863777920000011, 'diysharpe': 7.94912741941931, 'commission': 0.023628208000000005, 'score': 56039.98307478275}


