2024-02-05 06:47:57,166, Start optimizing adx_rsi_dematr_sing for target score on ETHUSDT 5m from 2023-10-25 00:00:00 to 2024-02-01
2024-02-05 06:57:59,858, Top 10 results:
Rank 1:
  Params: {'adx_len': 20, 'rsi_len': 7, 'kd': 8, 'dema_len': 13, 'atr_f': 14, 'atr_s': 26, 'atr_profit': 5, 'atr_loss': 4}
  Value: 13221.88874991962
  Performance: {'final_value': 122933.31568000017, 'win_ratio': 0.5530298840682696, 'single_avg_wlr': 1.0425047670320136, 'total_trades': 132, 'return': 0.22933315680000166, 'diysharpe': 13.769053464917118, 'commission': 0.0913988432, 'score': 13221.88874991962}

Rank 2:
  Params: {'adx_len': 19, 'rsi_len': 11, 'kd': 12, 'dema_len': 13, 'atr_f': 9, 'atr_s': 16, 'atr_profit': 3, 'atr_loss': 4}
  Value: 9977.329889891065
  Performance: {'final_value': 116667.01920000002, 'win_ratio': 0.5794387108049431, 'single_avg_wlr': 1.033115530719002, 'total_trades': 107, 'return': 0.16667019200000022, 'diysharpe': 14.95740616653265, 'commission': 0.074637808, 'score': 9977.329889891065}

Rank 3:
  Params: {'adx_len': 20, 'rsi_len': 9, 'kd': 8, 'dema_len': 12, 'atr_f': 14, 'atr_s': 21, 'atr_profit': 4, 'atr_loss': 4}
  Value: 8767.65173563048
  Performance: {'final_value': 117388.77216000008, 'win_ratio': 0.567567184076227, 'single_avg_wlr': 0.8883765707705069, 'total_trades': 148, 'return': 0.17388772160000077, 'diysharpe': 11.633613295629083, 'commission': 0.1027082784, 'score': 8767.65173563048}

Rank 4:
  Params: {'adx_len': 21, 'rsi_len': 9, 'kd': 8, 'dema_len': 14, 'atr_f': 14, 'atr_s': 24, 'atr_profit': 4, 'atr_loss': 4}
  Value: 8739.528429673861
  Performance: {'final_value': 116963.65232000011, 'win_ratio': 0.5533329644446904, 'single_avg_wlr': 0.9310694842698016, 'total_trades': 150, 'return': 0.169636523200001, 'diysharpe': 12.663885711759432, 'commission': 0.10444347679999999, 'score': 8739.528429673861}

Rank 5:
  Params: {'adx_len': 20, 'rsi_len': 7, 'kd': 8, 'dema_len': 14, 'atr_f': 14, 'atr_s': 25, 'atr_profit': 4, 'atr_loss': 4}
  Value: 7849.012003001688
  Performance: {'final_value': 116204.28160000009, 'win_ratio': 0.5594401682236586, 'single_avg_wlr': 0.8658278788879133, 'total_trades': 143, 'return': 0.16204281600000092, 'diysharpe': 11.384959434505236, 'commission': 0.099501184, 'score': 7849.012003001688}

Rank 6:
  Params: {'adx_len': 20, 'rsi_len': 13, 'kd': 11, 'dema_len': 12, 'atr_f': 9, 'atr_s': 21, 'atr_profit': 3, 'atr_loss': 4}
  Value: 7351.250678299801
  Performance: {'final_value': 113727.43616000006, 'win_ratio': 0.5759995392003686, 'single_avg_wlr': 0.9297146272964136, 'total_trades': 125, 'return': 0.1372743616000005, 'diysharpe': 11.006211292563982, 'commission': 0.0875416384, 'score': 7351.250678299801}

Rank 7:
  Params: {'adx_len': 21, 'rsi_len': 6, 'kd': 9, 'dema_len': 12, 'atr_f': 14, 'atr_s': 20, 'atr_profit': 4, 'atr_loss': 4}
  Value: 6940.087449390258
  Performance: {'final_value': 112042.24111999996, 'win_ratio': 0.54999945000055, 'single_avg_wlr': 1.0478409549911134, 'total_trades': 100, 'return': 0.12042241119999963, 'diysharpe': 6.16192535755342, 'commission': 0.0692655888, 'score': 6940.087449390258}

Rank 8:
  Params: {'adx_len': 21, 'rsi_len': 6, 'kd': 9, 'dema_len': 12, 'atr_f': 14, 'atr_s': 20, 'atr_profit': 4, 'atr_loss': 4}
  Value: 6940.087449390258
  Performance: {'final_value': 112042.24111999996, 'win_ratio': 0.54999945000055, 'single_avg_wlr': 1.0478409549911134, 'total_trades': 100, 'return': 0.12042241119999963, 'diysharpe': 6.16192535755342, 'commission': 0.0692655888, 'score': 6940.087449390258}

Rank 9:
  Params: {'adx_len': 21, 'rsi_len': 6, 'kd': 9, 'dema_len': 12, 'atr_f': 13, 'atr_s': 21, 'atr_profit': 4, 'atr_loss': 4}
  Value: 6424.059006726884
  Performance: {'final_value': 111341.52287999997, 'win_ratio': 0.5544548965793104, 'single_avg_wlr': 1.021578924992084, 'total_trades': 101, 'return': 0.11341522879999966, 'diysharpe': 5.925611344342605, 'commission': 0.0699647712, 'score': 6424.059006726884}

Rank 10:
  Params: {'adx_len': 21, 'rsi_len': 6, 'kd': 9, 'dema_len': 12, 'atr_f': 13, 'atr_s': 21, 'atr_profit': 4, 'atr_loss': 4}
  Value: 6424.059006726884
  Performance: {'final_value': 111341.52287999997, 'win_ratio': 0.5544548965793104, 'single_avg_wlr': 1.021578924992084, 'total_trades': 101, 'return': 0.11341522879999966, 'diysharpe': 5.925611344342605, 'commission': 0.0699647712, 'score': 6424.059006726884}


