2024-01-27 04:41:49,925, Start optimizing super_dema_bodyatr_multi for goal score on ETHUSDT 5m from 2023-10-18 00:00:00 to 2024-01-25
2024-01-27 04:51:46,462, Top 10 results:
Rank 1:
  Params: {'sptr_len': 16, 'sptr_k': 4.0, 'dema_len': 26, 'atr_len': 6, 'upbody_ratio': 2.2, 'downbody_ratio': 1.0}
  Value: 108303.95699989269

  Performance: {'final_value': 223602.59247999854, 'win_ratio': 0.4202191936395623, 'single_avg_wlr': 2.085167078049742, 'total_trades': 821, 'return': 1.2360259247999852, 'diysharpe': 42.50615859276311, 'commission': 0.7430300752, 'score': 108303.95699989269}

Rank 2:
  Params: {'sptr_len': 13, 'sptr_k': 4.0, 'dema_len': 32, 'atr_len': 6, 'upbody_ratio': 2.1, 'downbody_ratio': 1.0}
  Value: 107087.99341734186

  Performance: {'final_value': 220815.1015999993, 'win_ratio': 0.413928986343103, 'single_avg_wlr': 2.1413798787645373, 'total_trades': 761, 'return': 1.2081510159999929, 'diysharpe': 40.408902880916834, 'commission': 0.681492984, 'score': 107087.99341734186}

Rank 3:
  Params: {'sptr_len': 12, 'sptr_k': 4.0, 'dema_len': 32, 'atr_len': 6, 'upbody_ratio': 2.0, 'downbody_ratio': 1.0}
  Value: 104122.83530101535

  Performance: {'final_value': 218279.5851199992, 'win_ratio': 0.41622334890646956, 'single_avg_wlr': 2.1149969911312003, 'total_trades': 752, 'return': 1.1827958511999919, 'diysharpe': 39.62047783757491, 'commission': 0.6779921488, 'score': 104122.83530101535}

Rank 4:
  Params: {'sptr_len': 16, 'sptr_k': 4.0, 'dema_len': 28, 'atr_len': 6, 'upbody_ratio': 2.2, 'downbody_ratio': 1.0}
  Value: 98419.07769328168

  Performance: {'final_value': 213270.49999999927, 'win_ratio': 0.41293527202297614, 'single_avg_wlr': 2.104168391107127, 'total_trades': 804, 'return': 1.1327049999999925, 'diysharpe': 38.2317642347602, 'commission': 0.7175590000000001, 'score': 98419.07769328168}

Rank 5:
  Params: {'sptr_len': 13, 'sptr_k': 4.0, 'dema_len': 32, 'atr_len': 6, 'upbody_ratio': 2.0, 'downbody_ratio': 1.1}
  Value: 92914.80084335369

  Performance: {'final_value': 207724.46287999913, 'win_ratio': 0.39792893521761313, 'single_avg_wlr': 2.1675296310812535, 'total_trades': 676, 'return': 1.0772446287999915, 'diysharpe': 33.26886415721063, 'commission': 0.6650233712000001, 'score': 92914.80084335369}

Rank 6:
  Params: {'sptr_len': 13, 'sptr_k': 4.0, 'dema_len': 32, 'atr_len': 7, 'upbody_ratio': 2.1, 'downbody_ratio': 1.0}
  Value: 90202.41346509354

  Performance: {'final_value': 205654.28351999895, 'win_ratio': 0.41504534175806207, 'single_avg_wlr': 2.0570057444909557, 'total_trades': 771, 'return': 1.0565428351999895, 'diysharpe': 35.616774447583744, 'commission': 0.6972371648, 'score': 90202.41346509354}

Rank 7:
  Params: {'sptr_len': 13, 'sptr_k': 4.0, 'dema_len': 32, 'atr_len': 8, 'upbody_ratio': 2.0, 'downbody_ratio': 1.0}
  Value: 83651.77415929183

  Performance: {'final_value': 200274.32495999965, 'win_ratio': 0.4233206054093022, 'single_avg_wlr': 1.9706795083843485, 'total_trades': 789, 'return': 1.0027432495999964, 'diysharpe': 34.73760332850043, 'commission': 0.7167927503999999, 'score': 83651.77415929183}

Rank 8:
  Params: {'sptr_len': 13, 'sptr_k': 4.0, 'dema_len': 32, 'atr_len': 8, 'upbody_ratio': 2.0, 'downbody_ratio': 1.0}
  Value: 83651.77415929183

  Performance: {'final_value': 200274.32495999965, 'win_ratio': 0.4233206054093022, 'single_avg_wlr': 1.9706795083843485, 'total_trades': 789, 'return': 1.0027432495999964, 'diysharpe': 34.73760332850043, 'commission': 0.7167927503999999, 'score': 83651.77415929183}

Rank 9:
  Params: {'sptr_len': 13, 'sptr_k': 4.0, 'dema_len': 32, 'atr_len': 8, 'upbody_ratio': 2.0, 'downbody_ratio': 1.0}
  Value: 83651.77415929183

  Performance: {'final_value': 200274.32495999965, 'win_ratio': 0.4233206054093022, 'single_avg_wlr': 1.9706795083843485, 'total_trades': 789, 'return': 1.0027432495999964, 'diysharpe': 34.73760332850043, 'commission': 0.7167927503999999, 'score': 83651.77415929183}

Rank 10:
  Params: {'sptr_len': 20, 'sptr_k': 4.0, 'dema_len': 30, 'atr_len': 11, 'upbody_ratio': 2.5, 'downbody_ratio': 1.0}
  Value: 83510.27977766759

  Performance: {'final_value': 200058.11551999868, 'win_ratio': 0.42368737195514383, 'single_avg_wlr': 1.969890562177358, 'total_trades': 819, 'return': 1.000581155199987, 'diysharpe': 34.70530132904632, 'commission': 0.7346188448, 'score': 83510.27977766759}


