2024-03-03 20:57:33,975, Start optimizing adx_rsi_dematr_multi for goal t_sharpe on BTCUSDT 5m from 2023-11-21 to 2024-02-29 based on goal of t_sharpe
2024-03-03 21:08:05,988, Top 10 results:
Rank 1:
  Params: {'adx_len': 28, 'rsi_len': 28, 'kd': 4, 'dema_len': 32, 'atr_f': 13, 'atr_s': 28, 'atr_profit': 3, 'atr_loss': 4}
  Value: 34.148719259742606
  Performance: {'final_value': 125179.99087999944, 'win_ratio': 0.607508325082483, 'single_avg_wlr': 1.1320902669686606, 'total_trades': 293, 'return': 0.2517999087999945, 't_sharpe': 34.148719259742606, 'commission': 0.08811609120000001, 'score': 17317.646043035646}

Rank 2:
  Params: {'adx_len': 26, 'rsi_len': 29, 'kd': 4, 'dema_len': 33, 'atr_f': 13, 'atr_s': 16, 'atr_profit': 3, 'atr_loss': 4}
  Value: 33.458173757934176
  Performance: {'final_value': 125817.37687999955, 'win_ratio': 0.5809521965231123, 'single_avg_wlr': 1.233076127895664, 'total_trades': 315, 'return': 0.25817376879999543, 't_sharpe': 33.458173757934176, 'commission': 0.0936082312, 'score': 18494.49182446976}

Rank 3:
  Params: {'adx_len': 27, 'rsi_len': 28, 'kd': 4, 'dema_len': 31, 'atr_f': 13, 'atr_s': 28, 'atr_profit': 3, 'atr_loss': 4}
  Value: 33.380675683801044
  Performance: {'final_value': 124691.85391999947, 'win_ratio': 0.6146177360073968, 'single_avg_wlr': 1.083223336746004, 'total_trades': 301, 'return': 0.24691853919999462, 't_sharpe': 33.380675683801044, 'commission': 0.09044946080000002, 'score': 16439.052986455303}

Rank 4:
  Params: {'adx_len': 28, 'rsi_len': 28, 'kd': 4, 'dema_len': 33, 'atr_f': 12, 'atr_s': 28, 'atr_profit': 3, 'atr_loss': 4}
  Value: 31.97486738266124
  Performance: {'final_value': 123807.89891999945, 'win_ratio': 0.5890408941640773, 'single_avg_wlr': 1.1856724917914885, 'total_trades': 292, 'return': 0.2380789891999946, 't_sharpe': 31.97486738266124, 'commission': 0.08862201080000001, 'score': 16627.664798501268}

Rank 5:
  Params: {'adx_len': 27, 'rsi_len': 29, 'kd': 4, 'dema_len': 33, 'atr_f': 13, 'atr_s': 16, 'atr_profit': 3, 'atr_loss': 4}
  Value: 31.313602836277113
  Performance: {'final_value': 124330.90295999958, 'win_ratio': 0.5858583885998692, 'single_avg_wlr': 1.2083264096598088, 'total_trades': 297, 'return': 0.24330902959999579, 't_sharpe': 31.313602836277113, 'commission': 0.08916097040000001, 'score': 17224.044825015637}

Rank 6:
  Params: {'adx_len': 27, 'rsi_len': 29, 'kd': 4, 'dema_len': 33, 'atr_f': 13, 'atr_s': 16, 'atr_profit': 3, 'atr_loss': 4}
  Value: 31.313602836277113
  Performance: {'final_value': 124330.90295999958, 'win_ratio': 0.5858583885998692, 'single_avg_wlr': 1.2083264096598088, 'total_trades': 297, 'return': 0.24330902959999579, 't_sharpe': 31.313602836277113, 'commission': 0.08916097040000001, 'score': 17224.044825015637}

Rank 7:
  Params: {'adx_len': 29, 'rsi_len': 29, 'kd': 4, 'dema_len': 36, 'atr_f': 12, 'atr_s': 29, 'atr_profit': 3, 'atr_loss': 4}
  Value: 31.103708551404726
  Performance: {'final_value': 124578.6214399997, 'win_ratio': 0.5923342883852655, 'single_avg_wlr': 1.1727142991630042, 'total_trades': 287, 'return': 0.24578621439999693, 't_sharpe': 31.103708551404726, 'commission': 0.08524578560000001, 'score': 17073.266311713294}

Rank 8:
  Params: {'adx_len': 29, 'rsi_len': 29, 'kd': 4, 'dema_len': 38, 'atr_f': 12, 'atr_s': 28, 'atr_profit': 3, 'atr_loss': 4}
  Value: 30.769469091459005
  Performance: {'final_value': 123466.86451999971, 'win_ratio': 0.5699298706538914, 'single_avg_wlr': 1.2843680722752693, 'total_trades': 286, 'return': 0.23466864519999708, 't_sharpe': 30.769469091459005, 'commission': 0.08558035480000001, 'score': 17177.73847624949}

Rank 9:
  Params: {'adx_len': 29, 'rsi_len': 29, 'kd': 4, 'dema_len': 38, 'atr_f': 12, 'atr_s': 30, 'atr_profit': 3, 'atr_loss': 4}
  Value: 30.44288106928752
  Performance: {'final_value': 123075.72143999967, 'win_ratio': 0.5749126916680517, 'single_avg_wlr': 1.2536279785023412, 'total_trades': 287, 'return': 0.23075721439999675, 't_sharpe': 30.44288106928752, 'commission': 0.08524578560000001, 'score': 16631.287074520664}

Rank 10:
  Params: {'adx_len': 29, 'rsi_len': 29, 'kd': 4, 'dema_len': 37, 'atr_f': 12, 'atr_s': 30, 'atr_profit': 3, 'atr_loss': 4}
  Value: 30.323905060672356
  Performance: {'final_value': 123763.02143999966, 'win_ratio': 0.5833331307871075, 'single_avg_wlr': 1.2043474511810484, 'total_trades': 288, 'return': 0.23763021439999665, 't_sharpe': 30.323905060672356, 'commission': 0.08524578560000001, 'score': 16694.37254712365}


