2024-02-18 07:01:18,937, Start optimizing adx_rsi_dematr_sing for goal score on ETHUSDT 5m from 2023-11-09 to 2024-02-17 based on goal of score
2024-02-18 07:11:48,219, Top 10 results:
Rank 1:
  Params: {'adx_len': 30, 'rsi_len': 18, 'kd': 7, 'dema_len': 14, 'atr_f': 13, 'atr_s': 25, 'atr_profit': 5, 'atr_loss': 4}
  Value: 18223.675782546296
  Performance: {'final_value': 123292.8374400001, 'win_ratio': 0.67999932000068, 'single_avg_wlr': 1.1505489650276801, 'total_trades': 100, 'return': 0.23292837440000103, 'diysharpe': 14.880405321632404, 'commission': 0.0729116256, 'score': 18223.675782546296}

Rank 2:
  Params: {'adx_len': 29, 'rsi_len': 20, 'kd': 8, 'dema_len': 14, 'atr_f': 13, 'atr_s': 22, 'atr_profit': 5, 'atr_loss': 4}
  Value: 15156.637521193545
  Performance: {'final_value': 119305.21472, 'win_ratio': 0.5617971215762678, 'single_avg_wlr': 1.3974900301445365, 'total_trades': 89, 'return': 0.19305214719999997, 'diysharpe': 12.123690169783758, 'commission': 0.0647718528, 'score': 15156.637521193545}

Rank 3:
  Params: {'adx_len': 27, 'rsi_len': 21, 'kd': 7, 'dema_len': 12, 'atr_f': 15, 'atr_s': 25, 'atr_profit': 4, 'atr_loss': 4}
  Value: 14486.671815506019
  Performance: {'final_value': 119130.40559999997, 'win_ratio': 0.6406244995121098, 'single_avg_wlr': 1.1820637528573343, 'total_trades': 128, 'return': 0.19130405599999967, 'diysharpe': 13.370684760508373, 'commission': 0.093335944, 'score': 14486.671815506019}

Rank 4:
  Params: {'adx_len': 30, 'rsi_len': 19, 'kd': 7, 'dema_len': 14, 'atr_f': 13, 'atr_s': 27, 'atr_profit': 5, 'atr_loss': 4}
  Value: 14439.309353372204
  Performance: {'final_value': 118885.27072000007, 'win_ratio': 0.6464639934707136, 'single_avg_wlr': 1.1827116247671354, 'total_trades': 99, 'return': 0.1888527072000008, 'diysharpe': 11.735258232656998, 'commission': 0.0717912928, 'score': 14439.309353372204}

Rank 5:
  Params: {'adx_len': 29, 'rsi_len': 20, 'kd': 8, 'dema_len': 14, 'atr_f': 13, 'atr_s': 23, 'atr_profit': 5, 'atr_loss': 4}
  Value: 14324.839587263315
  Performance: {'final_value': 118460.35280000001, 'win_ratio': 0.5617971215762678, 'single_avg_wlr': 1.3812435434607657, 'total_trades': 89, 'return': 0.18460352800000002, 'diysharpe': 11.64955757239146, 'commission': 0.06476847200000001, 'score': 14324.839587263315}

Rank 6:
  Params: {'adx_len': 30, 'rsi_len': 19, 'kd': 8, 'dema_len': 12, 'atr_f': 13, 'atr_s': 26, 'atr_profit': 5, 'atr_loss': 4}
  Value: 12243.122774382546
  Performance: {'final_value': 116614.98864000007, 'win_ratio': 0.5662643779947253, 'single_avg_wlr': 1.3012864680964977, 'total_trades': 83, 'return': 0.1661498864000006, 'diysharpe': 9.920875599361507, 'commission': 0.060466113599999996, 'score': 12243.122774382546}

Rank 7:
  Params: {'adx_len': 29, 'rsi_len': 20, 'kd': 7, 'dema_len': 12, 'atr_f': 12, 'atr_s': 26, 'atr_profit': 5, 'atr_loss': 4}
  Value: 12204.43742892042
  Performance: {'final_value': 115477.1905600001, 'win_ratio': 0.6538455251485334, 'single_avg_wlr': 1.2060088076546678, 'total_trades': 104, 'return': 0.15477190560000098, 'diysharpe': 9.917153797326568, 'commission': 0.0757160944, 'score': 12204.43742892042}

Rank 8:
  Params: {'adx_len': 29, 'rsi_len': 21, 'kd': 7, 'dema_len': 14, 'atr_f': 13, 'atr_s': 27, 'atr_profit': 5, 'atr_loss': 4}
  Value: 11731.392053714262
  Performance: {'final_value': 114879.80400000005, 'win_ratio': 0.6320748754010609, 'single_avg_wlr': 1.247337015389383, 'total_trades': 106, 'return': 0.1487980400000004, 'diysharpe': 9.497431405211312, 'commission': 0.07707396000000001, 'score': 11731.392053714262}

Rank 9:
  Params: {'adx_len': 29, 'rsi_len': 21, 'kd': 7, 'dema_len': 14, 'atr_f': 13, 'atr_s': 27, 'atr_profit': 5, 'atr_loss': 4}
  Value: 11731.392053714262
  Performance: {'final_value': 114879.80400000005, 'win_ratio': 0.6320748754010609, 'single_avg_wlr': 1.247337015389383, 'total_trades': 106, 'return': 0.1487980400000004, 'diysharpe': 9.497431405211312, 'commission': 0.07707396000000001, 'score': 11731.392053714262}

Rank 10:
  Params: {'adx_len': 30, 'rsi_len': 17, 'kd': 7, 'dema_len': 14, 'atr_f': 13, 'atr_s': 26, 'atr_profit': 5, 'atr_loss': 4}
  Value: 11329.927471615601
  Performance: {'final_value': 115606.11440000012, 'win_ratio': 0.6509427821294508, 'single_avg_wlr': 1.1152944160235558, 'total_trades': 106, 'return': 0.15606114400000126, 'diysharpe': 9.997296904663292, 'commission': 0.07707085600000001, 'score': 11329.927471615601}


