2024-01-31 00:46:40,565, Start optimizing adx_rsi_dematr_multi for goal score on ETHUSDT 5m from 2023-10-20 00:00:00 to 2024-01-27 based on goal of score
2024-01-31 00:56:41,890, Top 10 results:
Rank 1:
  Params: {'adx_len': 23, 'rsi_len': 28, 'kd': 4, 'dema_len': 14, 'atr_f': 7, 'atr_s': 23, 'atr_profit': 4, 'atr_loss': 4}
  Value: 29821.579800262567
  Performance: {'final_value': 149448.8014800002, 'win_ratio': 0.6008965915261921, 'single_avg_wlr': 1.003633470087063, 'total_trades': 223, 'return': 0.49448801480000193, 'diysharpe': 20.6687840749873, 'commission': 0.12040903520000001, 'score': 29821.579800262567}

Rank 2:
  Params: {'adx_len': 24, 'rsi_len': 29, 'kd': 4, 'dema_len': 14, 'atr_f': 7, 'atr_s': 23, 'atr_profit': 4, 'atr_loss': 4}
  Value: 27274.351336765387
  Performance: {'final_value': 145677.45624888892, 'win_ratio': 0.5797098648744614, 'single_avg_wlr': 1.030010921102701, 'total_trades': 207, 'return': 0.45677456248888926, 'diysharpe': 18.702864256507603, 'commission': 0.1132211264, 'score': 27274.351336765387}

Rank 3:
  Params: {'adx_len': 22, 'rsi_len': 27, 'kd': 4, 'dema_len': 14, 'atr_f': 6, 'atr_s': 23, 'atr_profit': 4, 'atr_loss': 4}
  Value: 23886.794162091683
  Performance: {'final_value': 141700.8130355558, 'win_ratio': 0.5798316891463491, 'single_avg_wlr': 0.9878963886912199, 'total_trades': 238, 'return': 0.41700813035555795, 'diysharpe': 19.46719762364946, 'commission': 0.12410647520000001, 'score': 23886.794162091683}

Rank 4:
  Params: {'adx_len': 22, 'rsi_len': 28, 'kd': 4, 'dema_len': 14, 'atr_f': 6, 'atr_s': 23, 'atr_profit': 4, 'atr_loss': 4}
  Value: 23871.202620429936
  Performance: {'final_value': 141502.50375555575, 'win_ratio': 0.5815897148160188, 'single_avg_wlr': 0.9889703787694988, 'total_trades': 239, 'return': 0.41502503755555753, 'diysharpe': 19.375466031371648, 'commission': 0.12440356800000002, 'score': 23871.202620429936}

Rank 5:
  Params: {'adx_len': 22, 'rsi_len': 28, 'kd': 4, 'dema_len': 14, 'atr_f': 7, 'atr_s': 23, 'atr_profit': 4, 'atr_loss': 4}
  Value: 22414.40603638213
  Performance: {'final_value': 139021.4246622223, 'win_ratio': 0.5791664253473228, 'single_avg_wlr': 0.9917923085885731, 'total_trades': 240, 'return': 0.3902142466222229, 'diysharpe': 18.290176651609713, 'commission': 0.1239830256, 'score': 22414.40603638213}

Rank 6:
  Params: {'adx_len': 23, 'rsi_len': 30, 'kd': 4, 'dema_len': 12, 'atr_f': 7, 'atr_s': 23, 'atr_profit': 4, 'atr_loss': 4}
  Value: 21806.532931341342
  Performance: {'final_value': 140104.16184148146, 'win_ratio': 0.5818179173554922, 'single_avg_wlr': 0.9345662343036331, 'total_trades': 220, 'return': 0.40104161841481467, 'diysharpe': 15.715904608981194, 'commission': 0.12105704639999999, 'score': 21806.532931341342}

Rank 7:
  Params: {'adx_len': 25, 'rsi_len': 30, 'kd': 5, 'dema_len': 12, 'atr_f': 7, 'atr_s': 22, 'atr_profit': 4, 'atr_loss': 4}
  Value: 19675.443917120407
  Performance: {'final_value': 139029.13471407426, 'win_ratio': 0.6303026483014252, 'single_avg_wlr': 0.7998093647152738, 'total_trades': 165, 'return': 0.39029134714074254, 'diysharpe': 15.10526725282948, 'commission': 0.09038799360000001, 'score': 19675.443917120407}

Rank 8:
  Params: {'adx_len': 25, 'rsi_len': 30, 'kd': 5, 'dema_len': 12, 'atr_f': 7, 'atr_s': 22, 'atr_profit': 4, 'atr_loss': 4}
  Value: 19675.443917120407
  Performance: {'final_value': 139029.13471407426, 'win_ratio': 0.6303026483014252, 'single_avg_wlr': 0.7998093647152738, 'total_trades': 165, 'return': 0.39029134714074254, 'diysharpe': 15.10526725282948, 'commission': 0.09038799360000001, 'score': 19675.443917120407}

Rank 9:
  Params: {'adx_len': 22, 'rsi_len': 27, 'kd': 4, 'dema_len': 14, 'atr_f': 6, 'atr_s': 23, 'atr_profit': 5, 'atr_loss': 4}
  Value: 18819.6124456044
  Performance: {'final_value': 133474.0692903703, 'win_ratio': 0.5652171455577628, 'single_avg_wlr': 0.9946879057804047, 'total_trades': 230, 'return': 0.3347406929037031, 'diysharpe': 13.657310723145569, 'commission': 0.1257629008, 'score': 18819.6124456044}

Rank 10:
  Params: {'adx_len': 22, 'rsi_len': 27, 'kd': 4, 'dema_len': 14, 'atr_f': 6, 'atr_s': 23, 'atr_profit': 5, 'atr_loss': 4}
  Value: 18819.6124456044
  Performance: {'final_value': 133474.0692903703, 'win_ratio': 0.5652171455577628, 'single_avg_wlr': 0.9946879057804047, 'total_trades': 230, 'return': 0.3347406929037031, 'diysharpe': 13.657310723145569, 'commission': 0.1257629008, 'score': 18819.6124456044}


