2024-05-17 18:24:49,462, Start optimizing alp_super_openatr for goal t_sharpe on BTCUSDT 5m from 2024-02-03 to 2024-05-13 based on goal of t_sharpe
2024-05-17 18:36:33,662, Top 5 results:
Rank 1:
  Params: {'sptr_len': 90, 'sptr_k': 4.0, 'atr_profit': 16, 'atr_loss': 8}
  Value: 14.016389571014276
  Performance: {'net_value': 492.2530949200018, 'win_ratio': 0.3842103240998294, 'single_avg_wlr': 2.299873009968541, 'total_trades': 190, 'return': 0.2461265474600009, 'max_drawdown': 319.1509667200007, 't_sharpe': 14.016389571014276, 'commission': 0.15177080254000003, 'score': 0.5925993702044724}

Rank 2:
  Params: {'sptr_len': 90, 'sptr_k': 4.0, 'atr_profit': 15, 'atr_loss': 5}
  Value: 11.744908613315515
  Performance: {'net_value': 395.3349719600019, 'win_ratio': 0.36138595970992093, 'single_avg_wlr': 2.444701165919134, 'total_trades': 202, 'return': 0.19766748598000095, 'max_drawdown': 268.27968988000066, 't_sharpe': 11.744908613315515, 'commission': 0.16147526402, 'score': 0.5325354858543906}

Rank 3:
  Params: {'sptr_len': 90, 'sptr_k': 4.0, 'atr_profit': 15, 'atr_loss': 5}
  Value: 11.744908613315515
  Performance: {'net_value': 395.3349719600019, 'win_ratio': 0.36138595970992093, 'single_avg_wlr': 2.444701165919134, 'total_trades': 202, 'return': 0.19766748598000095, 'max_drawdown': 268.27968988000066, 't_sharpe': 11.744908613315515, 'commission': 0.16147526402, 'score': 0.5325354858543906}

Rank 4:
  Params: {'sptr_len': 90, 'sptr_k': 4.0, 'atr_profit': 15, 'atr_loss': 5}
  Value: 11.744908613315515
  Performance: {'net_value': 395.3349719600019, 'win_ratio': 0.36138595970992093, 'single_avg_wlr': 2.444701165919134, 'total_trades': 202, 'return': 0.19766748598000095, 'max_drawdown': 268.27968988000066, 't_sharpe': 11.744908613315515, 'commission': 0.16147526402, 'score': 0.5325354858543906}

Rank 5:
  Params: {'sptr_len': 90, 'sptr_k': 4.0, 'atr_profit': 15, 'atr_loss': 5}
  Value: 11.744908613315515
  Performance: {'net_value': 395.3349719600019, 'win_ratio': 0.36138595970992093, 'single_avg_wlr': 2.444701165919134, 'total_trades': 202, 'return': 0.19766748598000095, 'max_drawdown': 268.27968988000066, 't_sharpe': 11.744908613315515, 'commission': 0.16147526402, 'score': 0.5325354858543906}


2024-05-17 18:45:29,911, Start optimizing alp_super_openatr for goal score on BTCUSDT 5m from 2024-02-03 to 2024-05-13 based on goal of score
2024-05-17 18:56:38,333, Top 5 results:
Rank 1:
  Params: {'sptr_len': 90, 'sptr_k': 4.0, 'atr_profit': 16, 'atr_loss': 5}
  Value: 0.5696263507982234
  
  Performance: {'net_value': 371.1575241200021, 'win_ratio': 0.35999982000009, 'single_avg_wlr': 2.4277640965912775, 'total_trades': 200, 'return': 0.18557876206000107, 'max_drawdown': 234.56882696000002, 't_sharpe': 10.958845392619152, 'commission': 0.15982578794, 'score': 0.5696263507982234}

Rank 2:
  Params: {'sptr_len': 90, 'sptr_k': 4.0, 'atr_profit': 16, 'atr_loss': 5}
  Value: 0.5696263507982234
  Performance: {'net_value': 371.1575241200021, 'win_ratio': 0.35999982000009, 'single_avg_wlr': 2.4277640965912775, 'total_trades': 200, 'return': 0.18557876206000107, 'max_drawdown': 234.56882696000002, 't_sharpe': 10.958845392619152, 'commission': 0.15982578794, 'score': 0.5696263507982234}

Rank 3:
  Params: {'sptr_len': 90, 'sptr_k': 4.0, 'atr_profit': 16, 'atr_loss': 5}
  Value: 0.5696263507982234
  Performance: {'net_value': 371.1575241200021, 'win_ratio': 0.35999982000009, 'single_avg_wlr': 2.4277640965912775, 'total_trades': 200, 'return': 0.18557876206000107, 'max_drawdown': 234.56882696000002, 't_sharpe': 10.958845392619152, 'commission': 0.15982578794, 'score': 0.5696263507982234}

Rank 4:
  Params: {'sptr_len': 84, 'sptr_k': 4.0, 'atr_profit': 16, 'atr_loss': 5}
  Value: 0.5411402089597758
  Performance: {'net_value': 358.97112848000233, 'win_ratio': 0.3382351283161136, 'single_avg_wlr': 2.6375069731281364, 'total_trades': 204, 'return': 0.17948556424000117, 'max_drawdown': 224.37177940000015, 't_sharpe': 10.394192248946023, 'commission': 0.16309183576, 'score': 0.5411402089597758}

Rank 5:
  Params: {'sptr_len': 84, 'sptr_k': 4.0, 'atr_profit': 16, 'atr_loss': 5}
  Value: 0.5411402089597758
  Performance: {'net_value': 358.97112848000233, 'win_ratio': 0.3382351283161136, 'single_avg_wlr': 2.6375069731281364, 'total_trades': 204, 'return': 0.17948556424000117, 'max_drawdown': 224.37177940000015, 't_sharpe': 10.394192248946023, 'commission': 0.16309183576, 'score': 0.5411402089597758}


