2024-03-13 07:52:32,495, Start optimizing alp_macd_dematr_sing for goal t_sharpe on BTCUSDT 5m from 2023-11-30 to 2024-03-09 based on goal of t_sharpe
2024-03-13 08:02:39,616, Top 10 results:
Rank 1:
  Params: {'fast': 15, 'slow': 25, 'signaling': 4, 'threshold': 1.2, 'dema_len': 17, 'atr_profit': 4, 'atr_loss': 4}
  Value: 11.97066229366401
  Performance: {'final_value': 11044.997751999997, 'win_ratio': 0.44897867555372334, 'single_avg_wlr': 2.5102265373460866, 'total_trades': 49, 'return': 0.10449977519999964, 't_sharpe': 11.97066229366401, 'commission': 0.017424224800000002, 'score': 1177.7523708690953}

Rank 2:
  Params: {'fast': 13, 'slow': 27, 'signaling': 5, 'threshold': 1.6, 'dema_len': 17, 'atr_profit': 4, 'atr_loss': 4}
  Value: 10.946990075739077
  Performance: {'final_value': 11216.083524000005, 'win_ratio': 0.4545444214899511, 'single_avg_wlr': 3.229867124956381, 'total_trades': 44, 'return': 0.12160835240000045, 't_sharpe': 10.946990075739077, 'commission': 0.015753647600000004, 'score': 1785.3542129989341}

Rank 3:
  Params: {'fast': 13, 'slow': 27, 'signaling': 5, 'threshold': 1.6, 'dema_len': 18, 'atr_profit': 4, 'atr_loss': 4}
  Value: 10.933712332884289
  Performance: {'final_value': 11204.310788000004, 'win_ratio': 0.4444434567923182, 'single_avg_wlr': 3.268274511157754, 'total_trades': 45, 'return': 0.12043107880000048, 't_sharpe': 10.933712332884289, 'commission': 0.0160949212, 'score': 1749.3375578866371}

Rank 4:
  Params: {'fast': 14, 'slow': 26, 'signaling': 4, 'threshold': 1.2, 'dema_len': 19, 'atr_profit': 4, 'atr_loss': 4}
  Value: 10.381210889645807
  Performance: {'final_value': 10893.074027999995, 'win_ratio': 0.3777769382734705, 'single_avg_wlr': 3.640078096767674, 'total_trades': 45, 'return': 0.0893074027999996, 't_sharpe': 10.381210889645807, 'commission': 0.0160185972, 'score': 1228.099638399752}

Rank 5:
  Params: {'fast': 9, 'slow': 32, 'signaling': 7, 'threshold': 2.0, 'dema_len': 22, 'atr_profit': 7, 'atr_loss': 4}
  Value: 9.628055405827695
  Performance: {'final_value': 11789.593407999999, 'win_ratio': 0.31034375743531917, 'single_avg_wlr': 7.394426436678138, 'total_trades': 29, 'return': 0.17895934079999987, 't_sharpe': 9.628055405827695, 'commission': 0.0104516592, 'score': 4106.784158095353}

Rank 6:
  Params: {'fast': 13, 'slow': 27, 'signaling': 5, 'threshold': 2.0, 'dema_len': 20, 'atr_profit': 5, 'atr_loss': 4}
  Value: 9.26470913430551
  Performance: {'final_value': 11129.509488000005, 'win_ratio': 0.38461464497183656, 'single_avg_wlr': 3.814996120709255, 'total_trades': 52, 'return': 0.11295094880000045, 't_sharpe': 9.26470913430551, 'commission': 0.018654051200000004, 'score': 1657.3330878303373}

Rank 7:
  Params: {'fast': 15, 'slow': 25, 'signaling': 4, 'threshold': 0.8, 'dema_len': 19, 'atr_profit': 4, 'atr_loss': 4}
  Value: 8.320361708738194
  Performance: {'final_value': 10756.951155999996, 'win_ratio': 0.4285704081656948, 'single_avg_wlr': 2.358412947500454, 'total_trades': 42, 'return': 0.07569511559999964, 't_sharpe': 8.320361708738194, 'commission': 0.014774884400000006, 'score': 765.0853527692756}

Rank 8:
  Params: {'fast': 14, 'slow': 26, 'signaling': 4, 'threshold': 1.6, 'dema_len': 19, 'atr_profit': 4, 'atr_loss': 4}
  Value: 8.190162986281937
  Performance: {'final_value': 10651.857903999997, 'win_ratio': 0.3725482891210017, 'single_avg_wlr': 3.49792501363261, 'total_trades': 51, 'return': 0.06518579039999972, 't_sharpe': 8.190162986281937, 'commission': 0.0180942096, 'score': 849.4660066740761}

Rank 9:
  Params: {'fast': 13, 'slow': 27, 'signaling': 5, 'threshold': 1.8, 'dema_len': 17, 'atr_profit': 4, 'atr_loss': 4}
  Value: 8.021658853046485
  Performance: {'final_value': 10905.284680000004, 'win_ratio': 0.4222212839527023, 'single_avg_wlr': 2.859634688738618, 'total_trades': 45, 'return': 0.09052846800000047, 't_sharpe': 8.021658853046485, 'commission': 0.016085532, 'score': 1093.0394823149588}

Rank 10:
  Params: {'fast': 13, 'slow': 27, 'signaling': 6, 'threshold': 2.0, 'dema_len': 22, 'atr_profit': 5, 'atr_loss': 4}
  Value: 7.644781770528736
  Performance: {'final_value': 10917.111943999997, 'win_ratio': 0.3191482571313678, 'single_avg_wlr': 2.608307220180617, 'total_trades': 47, 'return': 0.09171119439999975, 't_sharpe': 7.644781770528736, 'commission': 0.017392805600000002, 'score': 763.4376432972714}


