2024-03-20 22:06:08,450, Start optimizing alp_macd_dempact_sing for goal t_sharpe on BTCUSDT 5m from 2023-12-09 to 2024-03-18 based on goal of t_sharpe
2024-03-20 22:16:15,510, Top 10 results:
Rank 1:
  Params: {'fast': 15, 'slow': 23, 'signaling': 11, 'threshold': 0.8, 'dema_len': 32, 'pct_profit': 0.018000000000000002, 'pct_loss': 0.01}
  Value: 13.567618125035741
  Performance: {'final_value': 12212.333972, 'win_ratio': 0.8999955000225, 'single_avg_wlr': 1.6644323918868116, 'total_trades': 20, 'return': 0.22123339720000001, 'max_drawdown': 152.34247200000027, 't_sharpe': 13.567618125035741, 'commission': 0.0080066028, 'score': 13.069824102397982}

Rank 2:
  Params: {'fast': 15, 'slow': 24, 'signaling': 10, 'threshold': 0.7, 'dema_len': 24, 'pct_profit': 0.018000000000000002, 'pct_loss': 0.008}
  Value: 11.761233861458562
  Performance: {'final_value': 11979.396592000003, 'win_ratio': 0.7368382271672255, 'single_avg_wlr': 2.723780404529512, 'total_trades': 19, 'return': 0.19793965920000023, 'max_drawdown': 242.77193199999965, 't_sharpe': 11.761233861458562, 'commission': 0.007667340800000001, 'score': 6.007673386818016}

Rank 3:
  Params: {'fast': 15, 'slow': 24, 'signaling': 10, 'threshold': 0.8, 'dema_len': 27, 'pct_profit': 0.016, 'pct_loss': 0.006}
  Value: 10.816403284324121
  Performance: {'final_value': 11063.389576000005, 'win_ratio': 0.7499968750130208, 'single_avg_wlr': 1.6198512189771648, 'total_trades': 24, 'return': 0.10633895760000045, 'max_drawdown': 121.08710400000018, 't_sharpe': 10.816403284324121, 'commission': 0.009539042400000001, 'score': 6.586483398538328}

Rank 4:
  Params: {'fast': 16, 'slow': 22, 'signaling': 11, 'threshold': 0.5, 'dema_len': 31, 'pct_profit': 0.02, 'pct_loss': 0.006}
  Value: 9.302803663176917
  Performance: {'final_value': 11315.132424000003, 'win_ratio': 0.7368382271672255, 'single_avg_wlr': 2.4794332980833875, 'total_trades': 19, 'return': 0.13151324240000029, 'max_drawdown': 107.88943199999812, 't_sharpe': 9.302803663176917, 'commission': 0.007577757600000001, 'score': 8.981778174645479}

Rank 5:
  Params: {'fast': 16, 'slow': 22, 'signaling': 11, 'threshold': 0.5, 'dema_len': 31, 'pct_profit': 0.02, 'pct_loss': 0.006}
  Value: 9.302803663176917
  Performance: {'final_value': 11315.132424000003, 'win_ratio': 0.7368382271672255, 'single_avg_wlr': 2.4794332980833875, 'total_trades': 19, 'return': 0.13151324240000029, 'max_drawdown': 107.88943199999812, 't_sharpe': 9.302803663176917, 'commission': 0.007577757600000001, 'score': 8.981778174645479}

Rank 6:
  Params: {'fast': 16, 'slow': 22, 'signaling': 11, 'threshold': 0.5, 'dema_len': 32, 'pct_profit': 0.02, 'pct_loss': 0.006}
  Value: 9.302803663176917
  Performance: {'final_value': 11315.132424000003, 'win_ratio': 0.7368382271672255, 'single_avg_wlr': 2.4794332980833875, 'total_trades': 19, 'return': 0.13151324240000029, 'max_drawdown': 107.88943199999812, 't_sharpe': 9.302803663176917, 'commission': 0.007577757600000001, 'score': 8.981778174645479}

Rank 7:
  Params: {'fast': 16, 'slow': 22, 'signaling': 11, 'threshold': 0.5, 'dema_len': 32, 'pct_profit': 0.02, 'pct_loss': 0.006}
  Value: 9.302803663176917
  Performance: {'final_value': 11315.132424000003, 'win_ratio': 0.7368382271672255, 'single_avg_wlr': 2.4794332980833875, 'total_trades': 19, 'return': 0.13151324240000029, 'max_drawdown': 107.88943199999812, 't_sharpe': 9.302803663176917, 'commission': 0.007577757600000001, 'score': 8.981778174645479}

Rank 8:
  Params: {'fast': 16, 'slow': 22, 'signaling': 11, 'threshold': 0.5, 'dema_len': 32, 'pct_profit': 0.02, 'pct_loss': 0.006}
  Value: 9.302803663176917
  Performance: {'final_value': 11315.132424000003, 'win_ratio': 0.7368382271672255, 'single_avg_wlr': 2.4794332980833875, 'total_trades': 19, 'return': 0.13151324240000029, 'max_drawdown': 107.88943199999812, 't_sharpe': 9.302803663176917, 'commission': 0.007577757600000001, 'score': 8.981778174645479}

Rank 9:
  Params: {'fast': 16, 'slow': 22, 'signaling': 11, 'threshold': 0.5, 'dema_len': 32, 'pct_profit': 0.02, 'pct_loss': 0.006}
  Value: 9.302803663176917
  Performance: {'final_value': 11315.132424000003, 'win_ratio': 0.7368382271672255, 'single_avg_wlr': 2.4794332980833875, 'total_trades': 19, 'return': 0.13151324240000029, 'max_drawdown': 107.88943199999812, 't_sharpe': 9.302803663176917, 'commission': 0.007577757600000001, 'score': 8.981778174645479}

Rank 10:
  Params: {'fast': 16, 'slow': 22, 'signaling': 11, 'threshold': 0.5, 'dema_len': 33, 'pct_profit': 0.02, 'pct_loss': 0.006}
  Value: 9.264613595144219
  Performance: {'final_value': 11301.326904000003, 'win_ratio': 0.7368382271672255, 'single_avg_wlr': 2.4586180045479513, 'total_trades': 19, 'return': 0.13013269040000042, 'max_drawdown': 107.88943199999812, 't_sharpe': 9.264613595144219, 'commission': 0.0075783096, 'score': 8.887492522521955}


