2024-05-16 21:41:25,232, Start optimizing alp_linbo_dempact for goal t_sharpe on BTCUSDT 5m from 2024-02-03 to 2024-05-13 based on goal of t_sharpe
2024-05-16 21:52:20,394, Top 5 results:
Rank 1:
  Params: {'swing': 84, 'reset': 278, 'slope': 1.2, 'profit_pct': 0.038000000000000006, 'loss_pct': 0.002}
  Value: 22.513366571295958
  Performance: {'net_value': 546.2990253199941, 'win_ratio': 0.39285690901374465, 'single_avg_wlr': 2.9970081663679373, 'total_trades': 168, 'return': 0.2731495126599971, 'max_drawdown': 152.8294678000011, 't_sharpe': 22.513366571295958, 'commission': 0.13458153734, 'score': 1.4042920461915536}

Rank 2:
  Params: {'swing': 90, 'reset': 281, 'slope': 1.0, 'profit_pct': 0.038000000000000006, 'loss_pct': 0.002}
  Value: 21.67686507431173
  Performance: {'net_value': 531.1437511199956, 'win_ratio': 0.39062469482445716, 'single_avg_wlr': 3.2987562259654206, 'total_trades': 128, 'return': 0.2655718755599978, 'max_drawdown': 120.82919456000036, 't_sharpe': 21.67686507431173, 'commission': 0.10249272443999999, 'score': 1.7171155922468633}

Rank 3:
  Params: {'swing': 90, 'reset': 280, 'slope': 1.0, 'profit_pct': 0.038000000000000006, 'loss_pct': 0.002}
  Value: 19.917036393656822
  Performance: {'net_value': 478.31447535999587, 'win_ratio': 0.3759996992002406, 'single_avg_wlr': 3.4110059585073724, 'total_trades': 125, 'return': 0.23915723767999794, 'max_drawdown': 120.77091788000052, 't_sharpe': 19.917036393656822, 'commission': 0.10007046232, 'score': 1.4891494831746512}

Rank 4:
  Params: {'swing': 83, 'reset': 259, 'slope': 0.9000000000000001, 'profit_pct': 0.034, 'loss_pct': 0.002}
  Value: 19.07282576160734
  Performance: {'net_value': 460.3730342399954, 'win_ratio': 0.382812200927968, 'single_avg_wlr': 3.245703795379139, 'total_trades': 128, 'return': 0.23018651711999769, 'max_drawdown': 127.66690575999996, 't_sharpe': 19.07282576160734, 'commission': 0.10236438288000001, 'score': 1.3804382223595393}

Rank 5:
  Params: {'swing': 94, 'reset': 285, 'slope': 0.9000000000000001, 'profit_pct': 0.04, 'loss_pct': 0.002}
  Value: 17.42219035311687
  Performance: {'net_value': 433.004560279996, 'win_ratio': 0.3965513822832911, 'single_avg_wlr': 2.9454993876731366, 'total_trades': 116, 'return': 0.216502280139998, 'max_drawdown': 113.3594855600004, 't_sharpe': 17.42219035311687, 'commission': 0.09285916986000001, 'score': 1.5147246354664643}


