2024-03-12 08:19:16,249, Start optimizing alp_adx_stochrsi_dematr for goal t_sharpe on BTCUSDT 5m from 2023-11-30 to 2024-03-09 based on goal of t_sharpe
2024-03-12 08:30:08,047, Top 10 results:
Rank 1:
  Params: {'adx_len': 26, 'rsi_len': 14, 'kd': 5, 'dema_len': 15, 'atr_len': 57, 'atr_profit': 3, 'atr_loss': 4}
  Value: 28.429349671410808
  Performance: {'final_value': 13229.922655999962, 'win_ratio': 0.6507173920012478, 'single_avg_wlr': 0.9761649928976615, 'total_trades': 209, 'return': 0.32299226559999616, 't_sharpe': 28.429349671410808, 'commission': 0.07526473439999999, 'score': 2051.671219350474}

Rank 2:
  Params: {'adx_len': 23, 'rsi_len': 14, 'kd': 5, 'dema_len': 15, 'atr_len': 48, 'atr_profit': 3, 'atr_loss': 4}
  Value: 22.45246141488117
  Performance: {'final_value': 12656.692475999971, 'win_ratio': 0.6398302373600689, 'single_avg_wlr': 0.8983634445744451, 'total_trades': 236, 'return': 0.2656692475999971, 't_sharpe': 22.45246141488117, 'commission': 0.08267175240000002, 'score': 1527.067090187954}

Rank 3:
  Params: {'adx_len': 41, 'rsi_len': 8, 'kd': 6, 'dema_len': 15, 'atr_len': 51, 'atr_profit': 3, 'atr_loss': 4}
  Value: 21.518700024370116
  Performance: {'final_value': 11596.098351999997, 'win_ratio': 0.6666661246616873, 'single_avg_wlr': 0.9534180748344108, 'total_trades': 123, 'return': 0.15960983519999972, 't_sharpe': 21.518700024370116, 'commission': 0.035519164799999996, 'score': 1014.4985205445969}

Rank 4:
  Params: {'adx_len': 41, 'rsi_len': 8, 'kd': 6, 'dema_len': 18, 'atr_len': 54, 'atr_profit': 3, 'atr_loss': 4}
  Value: 18.93084161647606
  Performance: {'final_value': 11324.419136000006, 'win_ratio': 0.6377947733899422, 'single_avg_wlr': 1.0102109214488701, 'total_trades': 127, 'return': 0.13244191360000057, 't_sharpe': 18.93084161647606, 'commission': 0.0347260864, 'score': 853.332845697048}

Rank 5:
  Params: {'adx_len': 44, 'rsi_len': 8, 'kd': 6, 'dema_len': 15, 'atr_len': 57, 'atr_profit': 3, 'atr_loss': 4}
  Value: 18.811218058415268
  Performance: {'final_value': 11505.167748000007, 'win_ratio': 0.6465511667662355, 'single_avg_wlr': 1.0075362456266461, 'total_trades': 116, 'return': 0.1505167748000007, 't_sharpe': 18.811218058415268, 'commission': 0.03489322520000001, 'score': 980.5019964583485}

Rank 6:
  Params: {'adx_len': 26, 'rsi_len': 35, 'kd': 4, 'dema_len': 12, 'atr_len': 48, 'atr_profit': 3, 'atr_loss': 4}
  Value: 18.1386949295088
  Performance: {'final_value': 12533.256127999972, 'win_ratio': 0.6752573838879464, 'single_avg_wlr': 0.7838407198633273, 'total_trades': 194, 'return': 0.2533256127999972, 't_sharpe': 18.1386949295088, 'commission': 0.09069138720000001, 'score': 1340.8378614909398}

Rank 7:
  Params: {'adx_len': 38, 'rsi_len': 8, 'kd': 6, 'dema_len': 15, 'atr_len': 54, 'atr_profit': 3, 'atr_loss': 4}
  Value: 17.73360397209249
  Performance: {'final_value': 11425.020948000001, 'win_ratio': 0.6692302544382658, 'single_avg_wlr': 0.8427472271348809, 'total_trades': 130, 'return': 0.1425020948000002, 't_sharpe': 17.73360397209249, 'commission': 0.0366129052, 'score': 803.7003307739184}

Rank 8:
  Params: {'adx_len': 38, 'rsi_len': 8, 'kd': 6, 'dema_len': 15, 'atr_len': 54, 'atr_profit': 3, 'atr_loss': 4}
  Value: 17.73360397209249
  Performance: {'final_value': 11425.020948000001, 'win_ratio': 0.6692302544382658, 'single_avg_wlr': 0.8427472271348809, 'total_trades': 130, 'return': 0.1425020948000002, 't_sharpe': 17.73360397209249, 'commission': 0.0366129052, 'score': 803.7003307739184}

Rank 9:
  Params: {'adx_len': 44, 'rsi_len': 8, 'kd': 6, 'dema_len': 18, 'atr_len': 57, 'atr_profit': 3, 'atr_loss': 4}
  Value: 17.1872593832925
  Performance: {'final_value': 11347.825720000012, 'win_ratio': 0.627118112611769, 'single_avg_wlr': 1.053595536091123, 'total_trades': 118, 'return': 0.1347825720000011, 't_sharpe': 17.1872593832925, 'commission': 0.03452942800000001, 'score': 890.547329955995}

Rank 10:
  Params: {'adx_len': 44, 'rsi_len': 8, 'kd': 6, 'dema_len': 18, 'atr_len': 57, 'atr_profit': 3, 'atr_loss': 4}
  Value: 17.1872593832925
  Performance: {'final_value': 11347.825720000012, 'win_ratio': 0.627118112611769, 'single_avg_wlr': 1.053595536091123, 'total_trades': 118, 'return': 0.1347825720000011, 't_sharpe': 17.1872593832925, 'commission': 0.03452942800000001, 'score': 890.547329955995}


2024-03-12 08:36:29,555, Start optimizing alp_adx_stochrsi_dematr for goal t_sharpe on BTCUSDT 5m from 2023-11-30 to 2024-03-09 based on goal of t_sharpe
2024-03-12 08:46:48,660, Top 10 results:
Rank 1:
  Params: {'adx_len': 20, 'rsi_len': 47, 'kd': 8, 'dema_len': 21, 'atr_len': 12, 'atr_profit': 3, 'atr_loss': 4}
  Value: 18.32616323612928
  Performance: {'final_value': 11123.883092000015, 'win_ratio': 0.5925923930665343, 'single_avg_wlr': 0.9001798600483386, 'total_trades': 297, 'return': 0.11238830920000153, 't_sharpe': 18.32616323612928, 'commission': 0.1098906908, 'score': 599.5239015281107}

Rank 2:
  Params: {'adx_len': 23, 'rsi_len': 38, 'kd': 7, 'dema_len': 33, 'atr_len': 48, 'atr_profit': 3, 'atr_loss': 4}
  Value: 13.770207875773007
  Performance: {'final_value': 10729.130927999997, 'win_ratio': 0.5700323876116001, 'single_avg_wlr': 1.0470124967162557, 'total_trades': 307, 'return': 0.07291309279999969, 't_sharpe': 13.770207875773007, 'commission': 0.11384390720000001, 'score': 435.16796521468723}

Rank 3:
  Params: {'adx_len': 47, 'rsi_len': 35, 'kd': 8, 'dema_len': 33, 'atr_len': 48, 'atr_profit': 3, 'atr_loss': 3}
  Value: 9.296733365920701
  Performance: {'final_value': 10514.895252000002, 'win_ratio': 0.5679995456003635, 'single_avg_wlr': 1.2109683446666732, 'total_trades': 125, 'return': 0.051489525200000275, 't_sharpe': 9.296733365920701, 'commission': 0.0463924748, 'score': 354.1601280348833}

Rank 4:
  Params: {'adx_len': 44, 'rsi_len': 41, 'kd': 8, 'dema_len': 27, 'atr_len': 45, 'atr_profit': 3, 'atr_loss': 3}
  Value: 7.694266123488209
  Performance: {'final_value': 10458.645432000001, 'win_ratio': 0.5503871702425037, 'single_avg_wlr': 1.2532045014505524, 'total_trades': 129, 'return': 0.04586454320000022, 't_sharpe': 7.694266123488209, 'commission': 0.04806245680000001, 'score': 316.3496223382894}

Rank 5:
  Params: {'adx_len': 29, 'rsi_len': 41, 'kd': 7, 'dema_len': 15, 'atr_len': 12, 'atr_profit': 3, 'atr_loss': 4}
  Value: 7.509084920353997
  Performance: {'final_value': 10552.15233600001, 'win_ratio': 0.5721646535233744, 'single_avg_wlr': 0.747831169189541, 'total_trades': 194, 'return': 0.05521523360000091, 't_sharpe': 7.509084920353997, 'commission': 0.0717147664, 'score': 236.25635603888986}

Rank 6:
  Params: {'adx_len': 23, 'rsi_len': 32, 'kd': 6, 'dema_len': 36, 'atr_len': 45, 'atr_profit': 3, 'atr_loss': 4}
  Value: 7.464169320605898
  Performance: {'final_value': 10393.475752000006, 'win_ratio': 0.609550390575733, 'single_avg_wlr': 0.9103134803595386, 'total_trades': 356, 'return': 0.03934757520000054, 't_sharpe': 7.464169320605898, 'commission': 0.1310794248, 'score': 218.33258762884054}

Rank 7:
  Params: {'adx_len': 23, 'rsi_len': 32, 'kd': 6, 'dema_len': 36, 'atr_len': 45, 'atr_profit': 3, 'atr_loss': 4}
  Value: 7.464169320605898
  Performance: {'final_value': 10393.475752000006, 'win_ratio': 0.609550390575733, 'single_avg_wlr': 0.9103134803595386, 'total_trades': 356, 'return': 0.03934757520000054, 't_sharpe': 7.464169320605898, 'commission': 0.1310794248, 'score': 218.33258762884054}

Rank 8:
  Params: {'adx_len': 23, 'rsi_len': 35, 'kd': 7, 'dema_len': 33, 'atr_len': 48, 'atr_profit': 3, 'atr_loss': 4}
  Value: 7.266441311710119
  Performance: {'final_value': 10382.429667999999, 'win_ratio': 0.5681816337072618, 'single_avg_wlr': 1.0019958180963233, 'total_trades': 308, 'return': 0.038242966799999945, 't_sharpe': 7.266441311710119, 'commission': 0.1139580332, 'score': 217.72318388563426}

Rank 9:
  Params: {'adx_len': 23, 'rsi_len': 35, 'kd': 7, 'dema_len': 33, 'atr_len': 48, 'atr_profit': 3, 'atr_loss': 4}
  Value: 7.266441311710119
  Performance: {'final_value': 10382.429667999999, 'win_ratio': 0.5681816337072618, 'single_avg_wlr': 1.0019958180963233, 'total_trades': 308, 'return': 0.038242966799999945, 't_sharpe': 7.266441311710119, 'commission': 0.1139580332, 'score': 217.72318388563426}

Rank 10:
  Params: {'adx_len': 23, 'rsi_len': 35, 'kd': 7, 'dema_len': 33, 'atr_len': 48, 'atr_profit': 3, 'atr_loss': 4}
  Value: 7.266441311710119
  Performance: {'final_value': 10382.429667999999, 'win_ratio': 0.5681816337072618, 'single_avg_wlr': 1.0019958180963233, 'total_trades': 308, 'return': 0.038242966799999945, 't_sharpe': 7.266441311710119, 'commission': 0.1139580332, 'score': 217.72318388563426}


