2024-04-16 18:36:53,672, Start optimizing alp_adxstochrsi_dematr_multi for goal t_sharpe on BTCUSDT 5m from 2023-12-31 to 2024-04-09 based on goal of t_sharpe
2024-04-16 18:46:34,582, Top 5 results:
Rank 1:
  Params: {'adx_len': 90, 'rsi_len': 42, 'stoch_len': 18, 'kd': 2, 'dema_len': 12, 'atr_profit': 2, 'atr_loss': 4}
  Value: 38.75000770770449
  Performance: {'net_value': 890.9416086399913, 'win_ratio': 0.716666533950642, 'single_avg_wlr': 0.6002139560399425, 'total_trades': 540, 'return': 0.8909416086399913, 'max_drawdown': 278.0345059200006, 't_sharpe': 38.75000770770449, 'commission': 0.52954779136, 'score': 2.296505618441436}

Rank 2:
  Params: {'adx_len': 99, 'rsi_len': 42, 'stoch_len': 18, 'kd': 2, 'dema_len': 12, 'atr_profit': 2, 'atr_loss': 4}
  Value: 38.75000770770449
  Performance: {'net_value': 890.9416086399913, 'win_ratio': 0.716666533950642, 'single_avg_wlr': 0.6002139560399425, 'total_trades': 540, 'return': 0.8909416086399913, 'max_drawdown': 278.0345059200006, 't_sharpe': 38.75000770770449, 'commission': 0.52954779136, 'score': 2.296505618441436}

Rank 3:
  Params: {'adx_len': 90, 'rsi_len': 45, 'stoch_len': 18, 'kd': 2, 'dema_len': 12, 'atr_profit': 2, 'atr_loss': 4}
  Value: 34.783751280260375
  Performance: {'net_value': 824.6823515999899, 'win_ratio': 0.7209736477577439, 'single_avg_wlr': 0.573078961170175, 'total_trades': 534, 'return': 0.8246823515999899, 'max_drawdown': 270.95224591999977, 't_sharpe': 34.783751280260375, 'commission': 0.5223183484, 'score': 2.19438677032171}

Rank 4:
  Params: {'adx_len': 96, 'rsi_len': 42, 'stoch_len': 24, 'kd': 2, 'dema_len': 12, 'atr_profit': 2, 'atr_loss': 4}
  Value: 33.78643646969669
  Performance: {'net_value': 900.672460840002, 'win_ratio': 0.7099565562864597, 'single_avg_wlr': 0.6160380722645326, 'total_trades': 462, 'return': 0.9006724608400021, 'max_drawdown': 303.9026505999998, 't_sharpe': 33.78643646969669, 'commission': 0.48047233916000004, 'score': 2.104088618406929}

Rank 5:
  Params: {'adx_len': 81, 'rsi_len': 51, 'stoch_len': 18, 'kd': 2, 'dema_len': 9, 'atr_profit': 5, 'atr_loss': 4}
  Value: 28.73587772092777
  Performance: {'net_value': 928.4405745599981, 'win_ratio': 0.7262929469196235, 'single_avg_wlr': 0.5430486584565752, 'total_trades': 464, 'return': 0.9284405745599982, 'max_drawdown': 403.27113791999705, 't_sharpe': 28.73587772092777, 'commission': 0.4800008254400001, 'score': 1.6721248071520154}


