2024-04-16 22:25:09,287, Start optimizing alp_super_dematr_multi for goal t_sharpe on BTCUSDT 5m from 2023-12-31 to 2024-04-09 based on goal of t_sharpe
2024-04-16 22:35:45,686, Top 5 results:
Rank 1:
  Params: {'sptr_len': 36, 'sptr_k': 2.5, 'dema_len': 96, 'atr_profit': 6, 'atr_loss': 4}
  Value: 18.03785041974986
  Performance: {'net_value': 288.94396927999514, 'win_ratio': 0.39692973751540844, 'single_avg_wlr': 1.9822827346602985, 'total_trades': 456, 'return': 0.5778879385599903, 'max_drawdown': 197.00062439999982, 't_sharpe': 18.03785041974986, 'commission': 0.56666526144, 'score': 0.5821829043130605}

Rank 2:
  Params: {'sptr_len': 36, 'sptr_k': 2.5, 'dema_len': 96, 'atr_profit': 6, 'atr_loss': 4}
  Value: 18.03785041974986
  Performance: {'net_value': 288.94396927999514, 'win_ratio': 0.39692973751540844, 'single_avg_wlr': 1.9822827346602985, 'total_trades': 456, 'return': 0.5778879385599903, 'max_drawdown': 197.00062439999982, 't_sharpe': 18.03785041974986, 'commission': 0.56666526144, 'score': 0.5821829043130605}

Rank 3:
  Params: {'sptr_len': 39, 'sptr_k': 2.5, 'dema_len': 96, 'atr_profit': 6, 'atr_loss': 4}
  Value: 13.965892936922069
  Performance: {'net_value': 228.13348475999794, 'win_ratio': 0.4118992192450299, 'single_avg_wlr': 1.8014589909902077, 'total_trades': 437, 'return': 0.4562669695199959, 'max_drawdown': 208.7344678000007, 't_sharpe': 13.965892936922069, 'commission': 0.56071543048, 'score': 0.4501794084548883}

Rank 4:
  Params: {'sptr_len': 39, 'sptr_k': 2.5, 'dema_len': 99, 'atr_profit': 6, 'atr_loss': 4}
  Value: 13.929747274786095
  Performance: {'net_value': 227.66145163999784, 'win_ratio': 0.4118992192450299, 'single_avg_wlr': 1.801588042901825, 'total_trades': 437, 'return': 0.4553229032799957, 'max_drawdown': 214.21606780000076, 't_sharpe': 13.929747274786095, 'commission': 0.5607144967200001, 'score': 0.4377520854086762}

Rank 5:
  Params: {'sptr_len': 39, 'sptr_k': 2.5, 'dema_len': 99, 'atr_profit': 6, 'atr_loss': 4}
  Value: 13.929747274786095
  Performance: {'net_value': 227.66145163999784, 'win_ratio': 0.4118992192450299, 'single_avg_wlr': 1.801588042901825, 'total_trades': 437, 'return': 0.4553229032799957, 'max_drawdown': 214.21606780000076, 't_sharpe': 13.929747274786095, 'commission': 0.5607144967200001, 'score': 0.4377520854086762}


