2024-03-12 08:07:20,594, Start optimizing alp_super_dema_bodyatr for goal t_sharpe on BTCUSDT 5m from 2023-11-30 to 2024-03-09 based on goal of t_sharpe
2024-03-12 08:18:18,904, Top 10 results:
Rank 1:
  Params: {'sptr_len': 45, 'sptr_k': 3.0, 'dema_len': 60, 'atr_len': 21, 'harvest_ratio': 2.0, 'retreat_ratio': 1.6}
  Value: 16.843272060748273
  Performance: {'final_value': 12299.28572399985, 'win_ratio': 0.37241372889418467, 'single_avg_wlr': 2.300334375055691, 'total_trades': 580, 'return': 0.2299285723999851, 't_sharpe': 16.843272060748273, 'commission': 0.3828604276, 'score': 1969.7431321515292}

Rank 2:
  Params: {'sptr_len': 42, 'sptr_k': 3.0, 'dema_len': 60, 'atr_len': 15, 'harvest_ratio': 2.2, 'retreat_ratio': 1.6}
  Value: 14.9157155248762
  Performance: {'final_value': 12101.90139199983, 'win_ratio': 0.3362988725446846, 'single_avg_wlr': 2.6575864307427235, 'total_trades': 562, 'return': 0.21019013919998297, 't_sharpe': 14.9157155248762, 'commission': 0.37489086080000006, 'score': 1878.5603291317573}

Rank 3:
  Params: {'sptr_len': 45, 'sptr_k': 3.0, 'dema_len': 60, 'atr_len': 15, 'harvest_ratio': 2.2, 'retreat_ratio': 2.0}
  Value: 14.256372088547067
  Performance: {'final_value': 12114.446719999922, 'win_ratio': 0.3153845547337395, 'single_avg_wlr': 2.9113182959496138, 'total_trades': 520, 'return': 0.21144467199999206, 't_sharpe': 14.256372088547067, 'commission': 0.37118232800000006, 'score': 1941.452890425239}

Rank 4:
  Params: {'sptr_len': 42, 'sptr_k': 3.0, 'dema_len': 60, 'atr_len': 15, 'harvest_ratio': 2.2, 'retreat_ratio': 1.4}
  Value: 13.536806632452834
  Performance: {'final_value': 11787.622671999745, 'win_ratio': 0.36661205129099, 'single_avg_wlr': 2.3266095327786047, 'total_trades': 611, 'return': 0.17876226719997446, 't_sharpe': 13.536806632452834, 'commission': 0.3774737328, 'score': 1524.7761640785525}

Rank 5:
  Params: {'sptr_len': 45, 'sptr_k': 3.0, 'dema_len': 60, 'atr_len': 12, 'harvest_ratio': 2.2, 'retreat_ratio': 2.0}
  Value: 13.4731918633341
  Performance: {'final_value': 11987.36675599996, 'win_ratio': 0.3127412523665536, 'single_avg_wlr': 2.930429789941865, 'total_trades': 518, 'return': 0.19873667559999597, 't_sharpe': 13.4731918633341, 'commission': 0.36717432440000003, 'score': 1821.3546227929876}

Rank 6:
  Params: {'sptr_len': 54, 'sptr_k': 3.5, 'dema_len': 60, 'atr_len': 21, 'harvest_ratio': 2.0, 'retreat_ratio': 1.8}
  Value: 12.6328432061451
  Performance: {'final_value': 12031.500207999732, 'win_ratio': 0.3684209879963179, 'single_avg_wlr': 2.24904578733622, 'total_trades': 570, 'return': 0.20315002079997324, 't_sharpe': 12.6328432061451, 'commission': 0.45354597920000006, 'score': 1683.2922780235212}

Rank 7:
  Params: {'sptr_len': 42, 'sptr_k': 3.0, 'dema_len': 60, 'atr_len': 12, 'harvest_ratio': 2.2, 'retreat_ratio': 1.8}
  Value: 12.411696208669134
  Performance: {'final_value': 11793.420527999937, 'win_ratio': 0.3245282406550489, 'single_avg_wlr': 2.755767032190284, 'total_trades': 530, 'return': 0.1793420527999936, 't_sharpe': 12.411696208669134, 'commission': 0.36947194720000004, 'score': 1603.899426693446}

Rank 8:
  Params: {'sptr_len': 42, 'sptr_k': 3.0, 'dema_len': 60, 'atr_len': 12, 'harvest_ratio': 2.2, 'retreat_ratio': 1.8}
  Value: 12.411696208669134
  Performance: {'final_value': 11793.420527999937, 'win_ratio': 0.3245282406550489, 'single_avg_wlr': 2.755767032190284, 'total_trades': 530, 'return': 0.1793420527999936, 't_sharpe': 12.411696208669134, 'commission': 0.36947194720000004, 'score': 1603.899426693446}

Rank 9:
  Params: {'sptr_len': 45, 'sptr_k': 3.0, 'dema_len': 54, 'atr_len': 12, 'harvest_ratio': 2.2, 'retreat_ratio': 1.8}
  Value: 12.21705278008606
  Performance: {'final_value': 11717.603759999974, 'win_ratio': 0.3268205458578071, 'single_avg_wlr': 2.7217295997240822, 'total_trades': 563, 'return': 0.1717603759999975, 't_sharpe': 12.21705278008606, 'commission': 0.38850362400000005, 'score': 1527.8380073659541}

Rank 10:
  Params: {'sptr_len': 54, 'sptr_k': 3.5, 'dema_len': 60, 'atr_len': 12, 'harvest_ratio': 2.2, 'retreat_ratio': 2.0}
  Value: 11.973449226702247
  Performance: {'final_value': 12118.940039999794, 'win_ratio': 0.3231356934730988, 'single_avg_wlr': 2.742668047713223, 'total_trades': 523, 'return': 0.21189400399997949, 't_sharpe': 11.973449226702247, 'commission': 0.43626399600000004, 'score': 1877.91896238828}


