2024-02-18 07:45:54,878, Start optimizing macdrvs_dematr_sing for goal score on ETHUSDT 5m from 2023-11-09 to 2024-02-17 based on goal of score
2024-02-18 07:56:30,496, Top 10 results:
Rank 1:
  Params: {'fast': 18, 'slow': 25, 'signaling': 12, 'threshold': 0.8, 'dema_len': 36, 'atr_profit': 7, 'atr_loss': 2}
  Value: 15506.223557211672

  Performance: {'final_value': 113653.95808000016, 'win_ratio': 0.491524590636287, 'single_avg_wlr': 2.3104800647081793, 'total_trades': 59, 'return': 0.13653958080000161, 'diysharpe': 12.073828773701036, 'commission': 0.0431324192, 'score': 15506.223557211672}

Rank 2:
  Params: {'fast': 17, 'slow': 23, 'signaling': 15, 'threshold': 0.7000000000000001, 'dema_len': 34, 'atr_profit': 7, 'atr_loss': 2}
  Value: 12625.495360434863

  Performance: {'final_value': 111392.36528000014, 'win_ratio': 0.45161217481907284, 'single_avg_wlr': 2.453967935221086, 'total_trades': 62, 'return': 0.11392365280000138, 'diysharpe': 10.41535637504551, 'commission': 0.045312347200000005, 'score': 12625.495360434863}

Rank 3:
  Params: {'fast': 17, 'slow': 25, 'signaling': 13, 'threshold': 0.9, 'dema_len': 38, 'atr_profit': 6, 'atr_loss': 2}
  Value: 11204.99644065793

  Performance: {'final_value': 110928.18000000014, 'win_ratio': 0.491524590636287, 'single_avg_wlr': 2.08602079274346, 'total_trades': 59, 'return': 0.10928180000000132, 'diysharpe': 10.301897200981488, 'commission': 0.043130199999999994, 'score': 11204.99644065793}

Rank 4:
  Params: {'fast': 17, 'slow': 25, 'signaling': 13, 'threshold': 0.9, 'dema_len': 36, 'atr_profit': 6, 'atr_loss': 2}
  Value: 11204.99644065793

  Performance: {'final_value': 110928.18000000014, 'win_ratio': 0.491524590636287, 'single_avg_wlr': 2.08602079274346, 'total_trades': 59, 'return': 0.10928180000000132, 'diysharpe': 10.301897200981488, 'commission': 0.043130199999999994, 'score': 11204.99644065793}

Rank 5:
  Params: {'fast': 18, 'slow': 25, 'signaling': 12, 'threshold': 0.7000000000000001, 'dema_len': 36, 'atr_profit': 6, 'atr_loss': 2}
  Value: 11096.805622890131

  Performance: {'final_value': 110376.64976000019, 'win_ratio': 0.4687492675792694, 'single_avg_wlr': 2.281393596750241, 'total_trades': 64, 'return': 0.1037664976000019, 'diysharpe': 9.912902244991427, 'commission': 0.046937502400000004, 'score': 11096.805622890131}

Rank 6:
  Params: {'fast': 18, 'slow': 25, 'signaling': 13, 'threshold': 0.8, 'dema_len': 34, 'atr_profit': 7, 'atr_loss': 2}
  Value: 10571.494065226994

  Performance: {'final_value': 109943.02432000014, 'win_ratio': 0.4482750891808807, 'single_avg_wlr': 2.3717737767295466, 'total_trades': 58, 'return': 0.09943024320000138, 'diysharpe': 8.783779028019342, 'commission': 0.0422737568, 'score': 10571.494065226994}

Rank 7:
  Params: {'fast': 17, 'slow': 25, 'signaling': 13, 'threshold': 0.8, 'dema_len': 24, 'atr_profit': 7, 'atr_loss': 2}
  Value: 10020.726679573354

  Performance: {'final_value': 109506.59680000013, 'win_ratio': 0.45312429199329374, 'single_avg_wlr': 2.326252198804743, 'total_trades': 64, 'return': 0.09506596800000122, 'diysharpe': 9.132307663010518, 'commission': 0.04690603199999999, 'score': 10020.726679573354}

Rank 8:
  Params: {'fast': 15, 'slow': 24, 'signaling': 14, 'threshold': 1.0, 'dema_len': 39, 'atr_profit': 6, 'atr_loss': 2}
  Value: 9669.018751357433

  Performance: {'final_value': 110151.59040000012, 'win_ratio': 0.5076915266284205, 'single_avg_wlr': 1.8760672450445317, 'total_trades': 65, 'return': 0.1015159040000011, 'diysharpe': 9.990833916953768, 'commission': 0.047620096, 'score': 9669.018751357433}

Rank 9:
  Params: {'fast': 18, 'slow': 26, 'signaling': 14, 'threshold': 0.8, 'dema_len': 12, 'atr_profit': 6, 'atr_loss': 2}
  Value: 8510.401251524809

  Performance: {'final_value': 107657.05744000006, 'win_ratio': 0.4137923900131206, 'single_avg_wlr': 2.685997675436445, 'total_trades': 58, 'return': 0.0765705744000007, 'diysharpe': 7.384804650926615, 'commission': 0.042625425599999996, 'score': 8510.401251524809}

Rank 10:
  Params: {'fast': 17, 'slow': 26, 'signaling': 12, 'threshold': 0.8, 'dema_len': 38, 'atr_profit': 7, 'atr_loss': 2}
  Value: 8312.854922360553

  Performance: {'final_value': 108227.01088000016, 'win_ratio': 0.43478197857684264, 'single_avg_wlr': 2.3240025216722824, 'total_trades': 69, 'return': 0.08227010880000152, 'diysharpe': 8.009687080755977, 'commission': 0.0503658912, 'score': 8312.854922360553}


