2024-02-28 15:55:09,536, Start optimizing super_dematr_multi for goal t_sharpe on BTCUSDT 5m from 2023-11-17 to 2024-02-25 based on goal of t_sharpe
2024-02-28 16:06:26,257, Top 10 results:
Rank 1:
  Params: {'sptr_len': 14, 'sptr_k': 2.5, 'dema_len': 57, 'atr_f': 14, 'atr_s': 29, 'atr_profit': 2, 'atr_loss': 3}
  Value: 44.96945554993043

  Performance: {'final_value': 156249.45507999975, 'win_ratio': 0.5344466525163565, 'single_avg_wlr': 1.5179070059901372, 'total_trades': 479, 'return': 0.5624945507999974, 't_sharpe': 44.96945554993043, 'commission': 0.2624654492, 'score': 45631.82583669427}

Rank 2:
  Params: {'sptr_len': 17, 'sptr_k': 2.5, 'dema_len': 57, 'atr_f': 14, 'atr_s': 29, 'atr_profit': 2, 'atr_loss': 3}
  Value: 42.822301364078356

  Performance: {'final_value': 152314.29344000015, 'win_ratio': 0.5227271647257924, 'single_avg_wlr': 1.5675825030230508, 'total_trades': 484, 'return': 0.5231429344000016, 't_sharpe': 42.822301364078356, 'commission': 0.2595490656, 'score': 42867.271467099126}

Rank 3:
  Params: {'sptr_len': 13, 'sptr_k': 2.5, 'dema_len': 57, 'atr_f': 14, 'atr_s': 28, 'atr_profit': 2, 'atr_loss': 3}
  Value: 42.519827141295416

  Performance: {'final_value': 153493.21484000015, 'win_ratio': 0.5305262040997465, 'single_avg_wlr': 1.5121338774091657, 'total_trades': 475, 'return': 0.5349321484000014, 't_sharpe': 42.519827141295416, 'commission': 0.2631788516, 'score': 42913.68232872986}

Rank 4:
  Params: {'sptr_len': 13, 'sptr_k': 2.5, 'dema_len': 57, 'atr_f': 14, 'atr_s': 28, 'atr_profit': 2, 'atr_loss': 3}
  Value: 42.519827141295416

  Performance: {'final_value': 153493.21484000015, 'win_ratio': 0.5305262040997465, 'single_avg_wlr': 1.5121338774091657, 'total_trades': 475, 'return': 0.5349321484000014, 't_sharpe': 42.519827141295416, 'commission': 0.2631788516, 'score': 42913.68232872986}

Rank 5:
  Params: {'sptr_len': 13, 'sptr_k': 2.5, 'dema_len': 57, 'atr_f': 14, 'atr_s': 28, 'atr_profit': 2, 'atr_loss': 3}
  Value: 42.519827141295416

  Performance: {'final_value': 153493.21484000015, 'win_ratio': 0.5305262040997465, 'single_avg_wlr': 1.5121338774091657, 'total_trades': 475, 'return': 0.5349321484000014, 't_sharpe': 42.519827141295416, 'commission': 0.2631788516, 'score': 42913.68232872986}

Rank 6:
  Params: {'sptr_len': 13, 'sptr_k': 2.5, 'dema_len': 57, 'atr_f': 14, 'atr_s': 28, 'atr_profit': 2, 'atr_loss': 3}
  Value: 42.519827141295416

  Performance: {'final_value': 153493.21484000015, 'win_ratio': 0.5305262040997465, 'single_avg_wlr': 1.5121338774091657, 'total_trades': 475, 'return': 0.5349321484000014, 't_sharpe': 42.519827141295416, 'commission': 0.2631788516, 'score': 42913.68232872986}

Rank 7:
  Params: {'sptr_len': 14, 'sptr_k': 2.5, 'dema_len': 56, 'atr_f': 14, 'atr_s': 30, 'atr_profit': 2, 'atr_loss': 3}
  Value: 42.31435071562866

  Performance: {'final_value': 152646.63215999986, 'win_ratio': 0.536082363694358, 'single_avg_wlr': 1.4637677492060115, 'total_trades': 485, 'return': 0.5264663215999987, 't_sharpe': 42.31435071562866, 'commission': 0.2647806784, 'score': 41311.81619886502}

Rank 8:
  Params: {'sptr_len': 14, 'sptr_k': 2.5, 'dema_len': 56, 'atr_f': 14, 'atr_s': 30, 'atr_profit': 2, 'atr_loss': 3}
  Value: 42.31435071562866

  Performance: {'final_value': 152646.63215999986, 'win_ratio': 0.536082363694358, 'single_avg_wlr': 1.4637677492060115, 'total_trades': 485, 'return': 0.5264663215999987, 't_sharpe': 42.31435071562866, 'commission': 0.2647806784, 'score': 41311.81619886502}

Rank 9:
  Params: {'sptr_len': 16, 'sptr_k': 2.5, 'dema_len': 57, 'atr_f': 14, 'atr_s': 29, 'atr_profit': 2, 'atr_loss': 3}
  Value: 42.23735860981847

  Performance: {'final_value': 151541.40268000017, 'win_ratio': 0.52156046785206, 'single_avg_wlr': 1.5636216512146976, 'total_trades': 487, 'return': 0.5154140268000018, 't_sharpe': 42.23735860981847, 'commission': 0.2617339732, 'score': 42033.211705220536}

Rank 10:
  Params: {'sptr_len': 17, 'sptr_k': 2.5, 'dema_len': 57, 'atr_f': 12, 'atr_s': 29, 'atr_profit': 2, 'atr_loss': 3}
  Value: 41.52202745616909

  Performance: {'final_value': 149757.46976000007, 'win_ratio': 0.52164937697951, 'single_avg_wlr': 1.5653436574015704, 'total_trades': 485, 'return': 0.4975746976000006, 't_sharpe': 41.52202745616909, 'commission': 0.25721430240000004, 'score': 40629.98655749378}


