2024-02-18 05:58:52,430, Start optimizing super_dema_bodyatr_multi for goal score on ETHUSDT 5m from 2023-11-09 to 2024-02-17
2024-02-18 06:09:35,454, Top 10 results:
Rank 1:
  Params: {'sptr_len': 29, 'sptr_k': 3.5, 'dema_len': 50, 'atr_f': 6, 'atr_s': 15, 'harvest_ratio': 2.1, 'retreat_ratio': 1.7}
  Value: 23268.65080207449

  Performance: {'final_value': 133496.64224000025, 'win_ratio': 0.46624197882267787, 'single_avg_wlr': 1.4899049188877598, 'total_trades': 785, 'return': 0.3349664224000024, 'diysharpe': 21.454593742593012, 'commission': 0.7290655776, 'score': 23268.65080207449}

Rank 2:
  Params: {'sptr_len': 29, 'sptr_k': 3.5, 'dema_len': 50, 'atr_f': 6, 'atr_s': 15, 'harvest_ratio': 2.1, 'retreat_ratio': 1.6}
  Value: 22711.455783668192

  Performance: {'final_value': 133039.66320000036, 'win_ratio': 0.47503039280993997, 'single_avg_wlr': 1.447064750138606, 'total_trades': 821, 'return': 0.3303966320000036, 'diysharpe': 21.90957765287411, 'commission': 0.7332233680000001, 'score': 22711.455783668192}

Rank 3:
  Params: {'sptr_len': 30, 'sptr_k': 3.5, 'dema_len': 50, 'atr_f': 6, 'atr_s': 15, 'harvest_ratio': 2.1, 'retreat_ratio': 1.6}
  Value: 21467.03360401014

  Performance: {'final_value': 131294.42768000043, 'win_ratio': 0.47374841590373434, 'single_avg_wlr': 1.4479622912593901, 'total_trades': 819, 'return': 0.31294427680000436, 'diysharpe': 20.724482826021944, 'commission': 0.7335557232, 'score': 21467.03360401014}

Rank 4:
  Params: {'sptr_len': 30, 'sptr_k': 3.5, 'dema_len': 50, 'atr_f': 8, 'atr_s': 15, 'harvest_ratio': 2.1, 'retreat_ratio': 1.7}
  Value: 21078.04919725034

  Performance: {'final_value': 130809.11360000016, 'win_ratio': 0.4719387153139394, 'single_avg_wlr': 1.449658159419663, 'total_trades': 784, 'return': 0.3080911360000016, 'diysharpe': 20.047407587484035, 'commission': 0.730160864, 'score': 21078.04919725034}

Rank 5:
  Params: {'sptr_len': 30, 'sptr_k': 3.5, 'dema_len': 49, 'atr_f': 6, 'atr_s': 15, 'harvest_ratio': 2.1, 'retreat_ratio': 1.6}
  Value: 19318.22090297839

  Performance: {'final_value': 128558.47312000075, 'win_ratio': 0.4774664461064012, 'single_avg_wlr': 1.4167371647518507, 'total_trades': 821, 'return': 0.2855847312000075, 'diysharpe': 18.891190868344864, 'commission': 0.7398072688, 'score': 19318.22090297839}

Rank 6:
  Params: {'sptr_len': 29, 'sptr_k': 3.5, 'dema_len': 48, 'atr_f': 6, 'atr_s': 16, 'harvest_ratio': 2.1, 'retreat_ratio': 1.6}
  Value: 18675.06698272581

  Performance: {'final_value': 127622.64832000049, 'win_ratio': 0.47653423868420713, 'single_avg_wlr': 1.418739773595144, 'total_trades': 831, 'return': 0.276226483200005, 'diysharpe': 18.546429295861618, 'commission': 0.7562775168000001, 'score': 18675.06698272581}

Rank 7:
  Params: {'sptr_len': 28, 'sptr_k': 3.5, 'dema_len': 50, 'atr_f': 6, 'atr_s': 16, 'harvest_ratio': 2.1, 'retreat_ratio': 1.6}
  Value: 18636.38405195284

  Performance: {'final_value': 127327.00032000056, 'win_ratio': 0.47087372926289695, 'single_avg_wlr': 1.4483223365644877, 'total_trades': 824, 'return': 0.2732700032000055, 'diysharpe': 18.053808600605922, 'commission': 0.7396939968, 'score': 18636.38405195284}

Rank 8:
  Params: {'sptr_len': 28, 'sptr_k': 3.5, 'dema_len': 50, 'atr_f': 6, 'atr_s': 15, 'harvest_ratio': 2.1, 'retreat_ratio': 1.6}
  Value: 18447.238609180436

  Performance: {'final_value': 127125.9729600005, 'win_ratio': 0.47188258289943974, 'single_avg_wlr': 1.4411596457990246, 'total_trades': 818, 'return': 0.271259729600005, 'diysharpe': 17.828535447425597, 'commission': 0.7329642704000001, 'score': 18447.238609180436}

Rank 9:
  Params: {'sptr_len': 28, 'sptr_k': 3.5, 'dema_len': 50, 'atr_f': 6, 'atr_s': 15, 'harvest_ratio': 2.1, 'retreat_ratio': 1.6}
  Value: 18447.238609180436

  Performance: {'final_value': 127125.9729600005, 'win_ratio': 0.47188258289943974, 'single_avg_wlr': 1.4411596457990246, 'total_trades': 818, 'return': 0.271259729600005, 'diysharpe': 17.828535447425597, 'commission': 0.7329642704000001, 'score': 18447.238609180436}

Rank 10:
  Params: {'sptr_len': 28, 'sptr_k': 3.5, 'dema_len': 50, 'atr_f': 6, 'atr_s': 15, 'harvest_ratio': 2.1, 'retreat_ratio': 1.6}
  Value: 18447.238609180436

  Performance: {'final_value': 127125.9729600005, 'win_ratio': 0.47188258289943974, 'single_avg_wlr': 1.4411596457990246, 'total_trades': 818, 'return': 0.271259729600005, 'diysharpe': 17.828535447425597, 'commission': 0.7329642704000001, 'score': 18447.238609180436}


