2024-02-05 07:40:09,499, Start optimizing super_dema_bodyatr_multi for goal score on ETHUSDT 5m from 2023-10-24 to 2024-02-01
2024-02-05 07:50:32,147, Top 10 results:
Rank 1:
  Params: {'sptr_len': 21, 'sptr_k': 4.0, 'dema_len': 40, 'atr_len': 8, 'upbody_ratio': 2.1, 'downbody_ratio': 1.5}
  Value: 44963.24911461971

  Performance: {'final_value': 155009.834240001, 'win_ratio': 0.35280890948114396, 'single_avg_wlr': 2.31674271660904, 'total_trades': 445, 'return': 0.5500983424000099, 'diysharpe': 14.503128001640238, 'commission': 0.5576496576, 'score': 44963.24911461971}

Rank 2:
  Params: {'sptr_len': 22, 'sptr_k': 4.0, 'dema_len': 42, 'atr_len': 7, 'upbody_ratio': 2.0, 'downbody_ratio': 1.4}
  Value: 40940.20453322262

  Performance: {'final_value': 151150.46495999952, 'win_ratio': 0.36819164091685386, 'single_avg_wlr': 2.1738346039520127, 'total_trades': 459, 'return': 0.5115046495999951, 'diysharpe': 14.117521432713993, 'commission': 0.5513393503999999, 'score': 40940.20453322262}

Rank 3:
  Params: {'sptr_len': 22, 'sptr_k': 4.0, 'dema_len': 42, 'atr_len': 7, 'upbody_ratio': 2.4000000000000004, 'downbody_ratio': 1.1}
  Value: 40312.0498598862

  Performance: {'final_value': 152504.73407999874, 'win_ratio': 0.41950457902405897, 'single_avg_wlr': 1.8302048993516085, 'total_trades': 646, 'return': 0.5250473407999874, 'diysharpe': 18.54035047942798, 'commission': 0.6131206592, 'score': 40312.0498598862}

Rank 4:
  Params: {'sptr_len': 22, 'sptr_k': 4.0, 'dema_len': 38, 'atr_len': 10, 'upbody_ratio': 2.2, 'downbody_ratio': 1.1}
  Value: 34524.22401310927

  Performance: {'final_value': 146977.6988799986, 'win_ratio': 0.4306568714369531, 'single_avg_wlr': 1.7064784373330995, 'total_trades': 685, 'return': 0.4697769887999861, 'diysharpe': 16.34263817457227, 'commission': 0.6694510112000001, 'score': 34524.22401310927}

Rank 5:
  Params: {'sptr_len': 20, 'sptr_k': 4.0, 'dema_len': 42, 'atr_len': 10, 'upbody_ratio': 2.5, 'downbody_ratio': 1.1}
  Value: 33189.7542251863

  Performance: {'final_value': 144719.99471999903, 'win_ratio': 0.4274923825540208, 'single_avg_wlr': 1.7360967030185754, 'total_trades': 662, 'return': 0.44719994719999034, 'diysharpe': 16.034460472018957, 'commission': 0.6277640528, 'score': 33189.7542251863}

Rank 6:
  Params: {'sptr_len': 21, 'sptr_k': 4.0, 'dema_len': 40, 'atr_len': 9, 'upbody_ratio': 2.0, 'downbody_ratio': 1.5}
  Value: 30986.433051810585

  Performance: {'final_value': 139497.02976000047, 'win_ratio': 0.35853124005804754, 'single_avg_wlr': 2.1881653954722005, 'total_trades': 463, 'return': 0.3949702976000047, 'diysharpe': 10.67621672140208, 'commission': 0.5729417024000001, 'score': 30986.433051810585}

Rank 7:
  Params: {'sptr_len': 21, 'sptr_k': 4.0, 'dema_len': 40, 'atr_len': 9, 'upbody_ratio': 2.1, 'downbody_ratio': 1.7000000000000002}
  Value: 30888.433647402748

  Performance: {'final_value': 137181.8206400003, 'win_ratio': 0.31884050269553077, 'single_avg_wlr': 2.6055040288170432, 'total_trades': 414, 'return': 0.37181820640000307, 'diysharpe': 9.559476848109327, 'commission': 0.5316377936, 'score': 30888.433647402748}

Rank 8:
  Params: {'sptr_len': 21, 'sptr_k': 4.0, 'dema_len': 40, 'atr_len': 9, 'upbody_ratio': 2.1, 'downbody_ratio': 1.7000000000000002}
  Value: 30888.433647402748

  Performance: {'final_value': 137181.8206400003, 'win_ratio': 0.31884050269553077, 'single_avg_wlr': 2.6055040288170432, 'total_trades': 414, 'return': 0.37181820640000307, 'diysharpe': 9.559476848109327, 'commission': 0.5316377936, 'score': 30888.433647402748}

Rank 9:
  Params: {'sptr_len': 21, 'sptr_k': 4.0, 'dema_len': 40, 'atr_len': 9, 'upbody_ratio': 2.1, 'downbody_ratio': 1.7000000000000002}
  Value: 30888.433647402748

  Performance: {'final_value': 137181.8206400003, 'win_ratio': 0.31884050269553077, 'single_avg_wlr': 2.6055040288170432, 'total_trades': 414, 'return': 0.37181820640000307, 'diysharpe': 9.559476848109327, 'commission': 0.5316377936, 'score': 30888.433647402748}

Rank 10:
  Params: {'sptr_len': 21, 'sptr_k': 4.0, 'dema_len': 40, 'atr_len': 8, 'upbody_ratio': 1.9, 'downbody_ratio': 1.8}
  Value: 30369.681842606835

  Performance: {'final_value': 135910.7420800009, 'win_ratio': 0.30445537018431434, 'single_avg_wlr': 2.777744034988315, 'total_trades': 404, 'return': 0.3591074208000089, 'diysharpe': 9.10973485938994, 'commission': 0.5249525792, 'score': 30369.681842606835}


