2024-03-03 23:22:36,109, Start optimizing super_dematr_multi for goal t_sharpe on BTCUSDT 5m from 2023-11-21 to 2024-02-29 based on goal of t_sharpe
2024-03-03 23:33:59,168, Top 10 results:
Rank 1:
  Params: {'sptr_len': 14, 'sptr_k': 2.5, 'dema_len': 53, 'atr_f': 10, 'atr_s': 28, 'atr_profit': 2, 'atr_loss': 4}
  Value: 48.49426496276787

  Performance: {'final_value': 165488.3019999992, 'win_ratio': 0.5764965462313645, 'single_avg_wlr': 1.2969821826830166, 'total_trades': 451, 'return': 0.6548830199999922, 't_sharpe': 48.49426496276787, 'commission': 0.26791598, 'score': 48965.97988719408}

Rank 2:
  Params: {'sptr_len': 13, 'sptr_k': 2.5, 'dema_len': 57, 'atr_f': 10, 'atr_s': 30, 'atr_profit': 2, 'atr_loss': 4}
  Value: 46.27369536834448

  Performance: {'final_value': 164342.7845999995, 'win_ratio': 0.5746605034704744, 'single_avg_wlr': 1.2836337546898269, 'total_trades': 442, 'return': 0.6434278459999949, 't_sharpe': 46.27369536834448, 'commission': 0.26425915400000005, 'score': 47462.687964453435}

Rank 3:
  Params: {'sptr_len': 13, 'sptr_k': 2.5, 'dema_len': 57, 'atr_f': 10, 'atr_s': 30, 'atr_profit': 2, 'atr_loss': 4}
  Value: 46.27369536834448

  Performance: {'final_value': 164342.7845999995, 'win_ratio': 0.5746605034704744, 'single_avg_wlr': 1.2836337546898269, 'total_trades': 442, 'return': 0.6434278459999949, 't_sharpe': 46.27369536834448, 'commission': 0.26425915400000005, 'score': 47462.687964453435}

Rank 4:
  Params: {'sptr_len': 13, 'sptr_k': 2.5, 'dema_len': 58, 'atr_f': 10, 'atr_s': 30, 'atr_profit': 2, 'atr_loss': 4}
  Value: 46.075635966522455

  Performance: {'final_value': 163630.85919999966, 'win_ratio': 0.5776254388983016, 'single_avg_wlr': 1.2724004763775507, 'total_trades': 438, 'return': 0.6363085919999967, 't_sharpe': 46.075635966522455, 'commission': 0.263343408, 'score': 46766.82881185023}

Rank 5:
  Params: {'sptr_len': 14, 'sptr_k': 2.5, 'dema_len': 52, 'atr_f': 8, 'atr_s': 27, 'atr_profit': 2, 'atr_loss': 4}
  Value: 45.5176839207337

  Performance: {'final_value': 162023.18791999941, 'win_ratio': 0.5685391980810791, 'single_avg_wlr': 1.3226309624284471, 'total_trades': 445, 'return': 0.6202318791999941, 't_sharpe': 45.5176839207337, 'commission': 0.26628612079999997, 'score': 46639.42446096494}

Rank 6:
  Params: {'sptr_len': 12, 'sptr_k': 2.5, 'dema_len': 57, 'atr_f': 10, 'atr_s': 30, 'atr_profit': 2, 'atr_loss': 4}
  Value: 45.49808018030362

  Performance: {'final_value': 163964.25607999932, 'win_ratio': 0.5645159989594473, 'single_avg_wlr': 1.3309498123408967, 'total_trades': 434, 'return': 0.6396425607999932, 't_sharpe': 45.49808018030362, 'commission': 0.2646624392, 'score': 48059.06169933841}

Rank 7:
  Params: {'sptr_len': 13, 'sptr_k': 2.5, 'dema_len': 60, 'atr_f': 15, 'atr_s': 28, 'atr_profit': 2, 'atr_loss': 3}
  Value: 45.494723801621724

  Performance: {'final_value': 159756.21484000038, 'win_ratio': 0.5211863302571335, 'single_avg_wlr': 1.5857687445043835, 'total_trades': 472, 'return': 0.5975621484000038, 't_sharpe': 45.494723801621724, 'commission': 0.2693378516, 'score': 49387.37575406818}

Rank 8:
  Params: {'sptr_len': 13, 'sptr_k': 2.5, 'dema_len': 59, 'atr_f': 9, 'atr_s': 29, 'atr_profit': 2, 'atr_loss': 4}
  Value: 43.16489770888675

  Performance: {'final_value': 159148.91495999962, 'win_ratio': 0.5717591269076095, 'single_avg_wlr': 1.2793415603159108, 'total_trades': 432, 'return': 0.5914891495999961, 't_sharpe': 43.16489770888675, 'commission': 0.25995985039999997, 'score': 43265.96520119324}

Rank 9:
  Params: {'sptr_len': 13, 'sptr_k': 2.5, 'dema_len': 59, 'atr_f': 9, 'atr_s': 29, 'atr_profit': 2, 'atr_loss': 4}
  Value: 43.16489770888675

  Performance: {'final_value': 159148.91495999962, 'win_ratio': 0.5717591269076095, 'single_avg_wlr': 1.2793415603159108, 'total_trades': 432, 'return': 0.5914891495999961, 't_sharpe': 43.16489770888675, 'commission': 0.25995985039999997, 'score': 43265.96520119324}

Rank 10:
  Params: {'sptr_len': 16, 'sptr_k': 2.5, 'dema_len': 53, 'atr_f': 9, 'atr_s': 30, 'atr_profit': 2, 'atr_loss': 4}
  Value: 43.02409216224614

  Performance: {'final_value': 156919.69111999928, 'win_ratio': 0.5543477055765857, 'single_avg_wlr': 1.3503907061411586, 'total_trades': 460, 'return': 0.5691969111999928, 't_sharpe': 43.02409216224614, 'commission': 0.2639100888, 'score': 42609.283303726406}


