2024-03-06 23:25:52,638, Start optimizing super_dematr_multi for goal t_sharpe on BTCUSDT 5m from 2023-11-25 to 2024-03-04 based on goal of t_sharpe
2024-03-06 23:37:40,195, Top 10 results:
Rank 1:
  Params: {'sptr_len': 12, 'sptr_k': 2.5, 'dema_len': 48, 'atr_len': 54, 'atr_profit': 3, 'atr_loss': 4}
  Value: 47.94237850988027

  Performance: {'final_value': 192942.10883999956, 'win_ratio': 0.527377369631882, 'single_avg_wlr': 1.6183993757362847, 'total_trades': 347, 'return': 0.9294210883999956, 't_sharpe': 47.94237850988027, 'commission': 0.2926219116, 'score': 79326.7596162285}

Rank 2:
  Params: {'sptr_len': 12, 'sptr_k': 2.5, 'dema_len': 48, 'atr_len': 51, 'atr_profit': 3, 'atr_loss': 4}
  Value: 44.85157623129984

  Performance: {'final_value': 186630.43003999963, 'win_ratio': 0.5302592131817829, 'single_avg_wlr': 1.5492796946398597, 'total_trades': 347, 'return': 0.8663043003999962, 't_sharpe': 44.85157623129984, 'commission': 0.2926216996, 'score': 71168.61632200055}

Rank 3:
  Params: {'sptr_len': 12, 'sptr_k': 2.5, 'dema_len': 48, 'atr_len': 51, 'atr_profit': 3, 'atr_loss': 4}
  Value: 44.85157623129984

  Performance: {'final_value': 186630.43003999963, 'win_ratio': 0.5302592131817829, 'single_avg_wlr': 1.5492796946398597, 'total_trades': 347, 'return': 0.8663043003999962, 't_sharpe': 44.85157623129984, 'commission': 0.2926216996, 'score': 71168.61632200055}

Rank 4:
  Params: {'sptr_len': 12, 'sptr_k': 2.5, 'dema_len': 48, 'atr_len': 51, 'atr_profit': 3, 'atr_loss': 4}
  Value: 44.85157623129984

  Performance: {'final_value': 186630.43003999963, 'win_ratio': 0.5302592131817829, 'single_avg_wlr': 1.5492796946398597, 'total_trades': 347, 'return': 0.8663043003999962, 't_sharpe': 44.85157623129984, 'commission': 0.2926216996, 'score': 71168.61632200055}

Rank 5:
  Params: {'sptr_len': 12, 'sptr_k': 2.5, 'dema_len': 48, 'atr_len': 51, 'atr_profit': 3, 'atr_loss': 4}
  Value: 44.85157623129984

  Performance: {'final_value': 186630.43003999963, 'win_ratio': 0.5302592131817829, 'single_avg_wlr': 1.5492796946398597, 'total_trades': 347, 'return': 0.8663043003999962, 't_sharpe': 44.85157623129984, 'commission': 0.2926216996, 'score': 71168.61632200055}

Rank 6:
  Params: {'sptr_len': 12, 'sptr_k': 2.5, 'dema_len': 51, 'atr_len': 51, 'atr_profit': 3, 'atr_loss': 4}
  Value: 44.613324640354264

  Performance: {'final_value': 189782.2822800002, 'win_ratio': 0.5341244705862106, 'single_avg_wlr': 1.540487489355143, 'total_trades': 337, 'return': 0.8978228228000018, 't_sharpe': 44.613324640354264, 'commission': 0.28602417719999995, 'score': 73873.94505597063}

Rank 7:
  Params: {'sptr_len': 12, 'sptr_k': 2.5, 'dema_len': 51, 'atr_len': 51, 'atr_profit': 3, 'atr_loss': 4}
  Value: 44.613324640354264

  Performance: {'final_value': 189782.2822800002, 'win_ratio': 0.5341244705862106, 'single_avg_wlr': 1.540487489355143, 'total_trades': 337, 'return': 0.8978228228000018, 't_sharpe': 44.613324640354264, 'commission': 0.28602417719999995, 'score': 73873.94505597063}

Rank 8:
  Params: {'sptr_len': 12, 'sptr_k': 2.5, 'dema_len': 51, 'atr_len': 51, 'atr_profit': 3, 'atr_loss': 4}
  Value: 44.613324640354264

  Performance: {'final_value': 189782.2822800002, 'win_ratio': 0.5341244705862106, 'single_avg_wlr': 1.540487489355143, 'total_trades': 337, 'return': 0.8978228228000018, 't_sharpe': 44.613324640354264, 'commission': 0.28602417719999995, 'score': 73873.94505597063}

Rank 9:
  Params: {'sptr_len': 12, 'sptr_k': 2.5, 'dema_len': 51, 'atr_len': 51, 'atr_profit': 3, 'atr_loss': 4}
  Value: 44.613324640354264

  Performance: {'final_value': 189782.2822800002, 'win_ratio': 0.5341244705862106, 'single_avg_wlr': 1.540487489355143, 'total_trades': 337, 'return': 0.8978228228000018, 't_sharpe': 44.613324640354264, 'commission': 0.28602417719999995, 'score': 73873.94505597063}

Rank 10:
  Params: {'sptr_len': 12, 'sptr_k': 2.5, 'dema_len': 51, 'atr_len': 45, 'atr_profit': 3, 'atr_loss': 4}
  Value: 44.41716477534666

  Performance: {'final_value': 189260.39688, 'win_ratio': 0.5457225528842027, 'single_avg_wlr': 1.4663814986333605, 'total_trades': 339, 'return': 0.8926039687999998, 't_sharpe': 44.41716477534666, 'commission': 0.28647803120000004, 'score': 71429.51282586064}


