2024-01-03 06:00:52,146, Start optimizing adx_rsi_atr on ETHUSDT 5m from 2023-09-24 00:00:00 to 2024-01-01
2024-01-03 06:03:22,477, Start optimizing adx_rsi_atr on ETHUSDT 5m from 2023-09-24 00:00:00 to 2024-01-01
2024-01-03 06:12:22,849, Top 10 results:
Rank 1:
  Params: {'adx_len': 26, 'rsi_len': 10, 'kd': 7, 'atr_len': 18, 'atr_k': 8.0, 'wlr': 2.0}
  Value: 38.41065113185228

Rank 2:
  Params: {'adx_len': 26, 'rsi_len': 9, 'kd': 7, 'atr_len': 19, 'atr_k': 8.0, 'wlr': 2.0}
  Value: 37.827993424867

Rank 3:
  Params: {'adx_len': 25, 'rsi_len': 10, 'kd': 7, 'atr_len': 19, 'atr_k': 7.5, 'wlr': 2.0}
  Value: 36.18294788514512

Rank 4:
  Params: {'adx_len': 26, 'rsi_len': 12, 'kd': 7, 'atr_len': 20, 'atr_k': 7.0, 'wlr': 2.0}
  Value: 35.68415603029408

Rank 5:
  Params: {'adx_len': 28, 'rsi_len': 18, 'kd': 4, 'atr_len': 11, 'atr_k': 7.0, 'wlr': 2.0}
  Value: 35.64905226687124

Rank 6:
  Params: {'adx_len': 27, 'rsi_len': 10, 'kd': 7, 'atr_len': 21, 'atr_k': 6.5, 'wlr': 2.0}
  Value: 35.074485881555276

Rank 7:
  Params: {'adx_len': 25, 'rsi_len': 11, 'kd': 7, 'atr_len': 19, 'atr_k': 7.5, 'wlr': 2.0}
  Value: 34.69682101133217

Rank 8:
  Params: {'adx_len': 25, 'rsi_len': 11, 'kd': 7, 'atr_len': 19, 'atr_k': 7.5, 'wlr': 2.0}
  Value: 34.69682101133217

Rank 9:
  Params: {'adx_len': 26, 'rsi_len': 12, 'kd': 7, 'atr_len': 18, 'atr_k': 8.0, 'wlr': 2.0}
  Value: 34.643629623848575

Rank 10:
  Params: {'adx_len': 27, 'rsi_len': 12, 'kd': 7, 'atr_len': 18, 'atr_k': 6.5, 'wlr': 2.0}
  Value: 34.55057402323066


2024-01-03 06:24:50,199, Start optimizing adx_rsi_atr on ETHUSDT 5m from 2023-09-24 00:00:00 to 2024-01-01
2024-01-03 06:33:38,924, Top 10 results:
Rank 1:
  Params: {'adx_len': 30, 'rsi_len': 25, 'kd': 8, 'atr_len': 20, 'atr_k': 4.0, 'wlr': 1.5}
  Value: 23.5037108258546

Rank 2:
  Params: {'adx_len': 29, 'rsi_len': 24, 'kd': 8, 'atr_len': 20, 'atr_k': 4.0, 'wlr': 1.5}
  Value: 22.763452850863434

Rank 3:
  Params: {'adx_len': 29, 'rsi_len': 24, 'kd': 8, 'atr_len': 20, 'atr_k': 4.0, 'wlr': 1.5}
  Value: 22.763452850863434

Rank 4:
  Params: {'adx_len': 29, 'rsi_len': 24, 'kd': 8, 'atr_len': 20, 'atr_k': 4.0, 'wlr': 1.5}
  Value: 22.763452850863434

Rank 5:
  Params: {'adx_len': 29, 'rsi_len': 27, 'kd': 8, 'atr_len': 15, 'atr_k': 4.0, 'wlr': 1.5}
  Value: 21.736308552601905

Rank 6:
  Params: {'adx_len': 30, 'rsi_len': 25, 'kd': 8, 'atr_len': 15, 'atr_k': 3.5, 'wlr': 1.5}
  Value: 21.696694706001182

Rank 7:
  Params: {'adx_len': 27, 'rsi_len': 27, 'kd': 8, 'atr_len': 19, 'atr_k': 4.0, 'wlr': 1.5}
  Value: 20.847633731552047

Rank 8:
  Params: {'adx_len': 29, 'rsi_len': 24, 'kd': 8, 'atr_len': 21, 'atr_k': 4.0, 'wlr': 1.5}
  Value: 20.752066527658545

Rank 9:
  Params: {'adx_len': 28, 'rsi_len': 24, 'kd': 8, 'atr_len': 20, 'atr_k': 4.0, 'wlr': 1.5}
  Value: 20.60326888049557

Rank 10:
  Params: {'adx_len': 28, 'rsi_len': 24, 'kd': 8, 'atr_len': 20, 'atr_k': 4.0, 'wlr': 1.5}
  Value: 20.60326888049557


