2024-01-04 23:04:32,867, Start optimizing macd_rvs_atr on ETHUSDT 5m from 2023-09-24 00:00:00 to 2024-01-01
2024-01-04 23:13:43,261, Top 10 results:
Rank 1:
  Params: {'fast': 6, 'slow': 18, 'signaling': 17, 'threshold': 1.0, 'atr_len': 27, 'atr_k': 4, 'wlr': 1.5}
  Value: 15.518148210381195

Rank 2:
  Params: {'fast': 9, 'slow': 20, 'signaling': 8, 'threshold': 1.0, 'atr_len': 19, 'atr_k': 4, 'wlr': 1.5}
  Value: 14.798008667117148

Rank 3:
  Params: {'fast': 6, 'slow': 17, 'signaling': 11, 'threshold': 1.5, 'atr_len': 30, 'atr_k': 4, 'wlr': 1.5}
  Value: 13.656784103439056

Rank 4:
  Params: {'fast': 8, 'slow': 20, 'signaling': 10, 'threshold': 1.5, 'atr_len': 19, 'atr_k': 4, 'wlr': 1.5}
  Value: 12.592297602334893

Rank 5:
  Params: {'fast': 7, 'slow': 18, 'signaling': 12, 'threshold': 1.5, 'atr_len': 29, 'atr_k': 4, 'wlr': 1.5}
  Value: 12.363350926062752

Rank 6:
  Params: {'fast': 8, 'slow': 19, 'signaling': 10, 'threshold': 1.5, 'atr_len': 19, 'atr_k': 4, 'wlr': 1.5}
  Value: 12.165997981332842

Rank 7:
  Params: {'fast': 6, 'slow': 17, 'signaling': 10, 'threshold': 1.5, 'atr_len': 28, 'atr_k': 4, 'wlr': 1.5}
  Value: 12.137482666632902

Rank 8:
  Params: {'fast': 6, 'slow': 16, 'signaling': 14, 'threshold': 1.5, 'atr_len': 29, 'atr_k': 4, 'wlr': 2.0}
  Value: 11.506421902820218

Rank 9:
  Params: {'fast': 8, 'slow': 18, 'signaling': 10, 'threshold': 1.5, 'atr_len': 29, 'atr_k': 4, 'wlr': 1.5}
  Value: 11.483212351931831

Rank 10:
  Params: {'fast': 7, 'slow': 18, 'signaling': 11, 'threshold': 1.5, 'atr_len': 28, 'atr_k': 4, 'wlr': 1.5}
  Value: 11.118571957788891


