2024-01-05 00:44:32,675, Start optimizing engulfing_vol on ETHUSDT 5m from 2023-09-24 00:00:00 to 2024-01-01
2024-01-05 00:52:28,126, Top 10 results:
Rank 1:
  Params: {'vol_len': 25, 'vol_k': 4.0, 'body_k': 0.8}
  Value: 11.004379315244396

Rank 2:
  Params: {'vol_len': 26, 'vol_k': 3.5, 'body_k': 0.8}
  Value: 11.004379315244396

Rank 3:
  Params: {'vol_len': 28, 'vol_k': 4.5, 'body_k': 0.65}
  Value: 11.004379315244396

Rank 4:
  Params: {'vol_len': 24, 'vol_k': 3.5, 'body_k': 0.7}
  Value: 11.004379315244396

Rank 5:
  Params: {'vol_len': 28, 'vol_k': 4.5, 'body_k': 0.65}
  Value: 11.004379315244396

Rank 6:
  Params: {'vol_len': 28, 'vol_k': 4.5, 'body_k': 0.75}
  Value: 11.004379315244396

Rank 7:
  Params: {'vol_len': 28, 'vol_k': 4.5, 'body_k': 0.75}
  Value: 11.004379315244396

Rank 8:
  Params: {'vol_len': 26, 'vol_k': 3.5, 'body_k': 0.7}
  Value: 11.004379315244396

Rank 9:
  Params: {'vol_len': 24, 'vol_k': 3.5, 'body_k': 0.7}
  Value: 11.004379315244396

Rank 10:
  Params: {'vol_len': 24, 'vol_k': 4.0, 'body_k': 0.8}
  Value: 11.004379315244396


