2024-02-23T10:34:21 INFO _client.py:1027 - HTTP Request: GET https://www.okx.com/api/v5/market/books?instId=BTC-USD-SWAP "HTTP/2 200 OK"
2024-02-23T10:36:14 INFO _client.py:1027 - HTTP Request: GET https://www.okx.com/api/v5/market/books?instId=BTC-USD-SWAP "HTTP/2 200 OK"
2024-02-23T10:36:15 INFO _client.py:1027 - HTTP Request: GET https://www.okx.com/api/v5/market/books?instId=BTC-USD-SWAP "HTTP/2 200 OK"
2024-02-23T10:36:16 INFO _client.py:1027 - HTTP Request: GET https://www.okx.com/api/v5/market/books?instId=BTC-USD-SWAP "HTTP/2 200 OK"
2024-02-23T10:36:17 INFO _client.py:1027 - HTTP Request: GET https://www.okx.com/api/v5/market/books?instId=BTC-USD-SWAP "HTTP/2 200 OK"
2024-02-23T10:37:02 INFO _client.py:1027 - HTTP Request: GET https://www.okx.com/api/v5/market/books?instId=BTC-USD-SWAP "HTTP/2 200 OK"
2024-02-23T10:37:02 ERROR __init__.py:60 - Unhandled exception.
Traceback (most recent call last):
  File "/Users/rivachol/Desktop/Rivachol_v2/Disco/tracker/binance_okx_arbi.py", line 105, in <module>
    asyncio.run(arbi.main())
  File "/opt/homebrew/Cellar/python@3.11/3.11.6/Frameworks/Python.framework/Versions/3.11/lib/python3.11/asyncio/runners.py", line 190, in run
    return runner.run(main)
           ^^^^^^^^^^^^^^^^
  File "/opt/homebrew/Cellar/python@3.11/3.11.6/Frameworks/Python.framework/Versions/3.11/lib/python3.11/asyncio/runners.py", line 118, in run
    return self._loop.run_until_complete(task)
           ^^^^^^^^^^^^^^^^^^^^^^^^^^^^^^^^^^^
  File "/opt/homebrew/Cellar/python@3.11/3.11.6/Frameworks/Python.framework/Versions/3.11/lib/python3.11/asyncio/base_events.py", line 653, in run_until_complete
    return future.result()
           ^^^^^^^^^^^^^^^
  File "/Users/rivachol/Desktop/Rivachol_v2/Disco/tracker/binance_okx_arbi.py", line 94, in main
    tickers = await self.fetch_tickers()
              ^^^^^^^^^^^^^^^^^^^^^^^^^^
  File "/Users/rivachol/Desktop/Rivachol_v2/Disco/tracker/binance_okx_arbi.py", line 39, in fetch_tickers
    okx_ticker = await self.okx.get_orderbook(instId = okx_symbol)
                 ^^^^^^^^^^^^^^^^^^^^^^^^^^^^^^^^^^^^^^^^^^^^^^^^^
TypeError: object dict can't be used in 'await' expression
2024-02-23T10:39:52 INFO _client.py:1027 - HTTP Request: GET https://www.okx.com/api/v5/market/books?instId=BTC-USD-SWAP "HTTP/2 200 OK"
2024-02-23T10:39:52 INFO _client.py:1027 - HTTP Request: GET https://www.okx.com/api/v5/market/books?instId=ETH-USD-SWAP "HTTP/2 200 OK"
2024-02-23T10:39:53 INFO binance_okx_arbi.py:61 - Order book: {'BTCUSD': {'okx_bid': 51321.9, 'okx_bid_size': 2.41, 'okx_ask': 51322.0, 'okx_ask_size': 1.57, 'bin_bid': 51368.1, 'bin_bid_size': 12.92, 'bin_ask': 51368.2, 'bin_ask_size': 0.63}, 'ETHUSD': {'okx_bid': 2971.64, 'okx_bid_size': 15.41, 'okx_ask': 2971.65, 'okx_ask_size': 10.54, 'bin_bid': 2974.28, 'bin_bid_size': 27.375, 'bin_ask': 2974.29, 'bin_ask_size': 24.101}}
2024-02-23T10:39:54 INFO _client.py:1027 - HTTP Request: GET https://www.okx.com/api/v5/market/books?instId=BTC-USD-SWAP "HTTP/2 200 OK"
2024-02-23T10:39:54 INFO _client.py:1027 - HTTP Request: GET https://www.okx.com/api/v5/market/books?instId=ETH-USD-SWAP "HTTP/2 200 OK"
2024-02-23T10:39:54 INFO binance_okx_arbi.py:61 - Order book: {'BTCUSD': {'okx_bid': 51321.9, 'okx_bid_size': 52.7, 'okx_ask': 51322.0, 'okx_ask_size': 1.73, 'bin_bid': 51368.1, 'bin_bid_size': 12.758, 'bin_ask': 51368.2, 'bin_ask_size': 1.032}, 'ETHUSD': {'okx_bid': 2971.64, 'okx_bid_size': 15.41, 'okx_ask': 2971.65, 'okx_ask_size': 14.48, 'bin_bid': 2974.28, 'bin_bid_size': 13.378, 'bin_ask': 2974.29, 'bin_ask_size': 38.541}}
2024-02-23T10:39:55 INFO _client.py:1027 - HTTP Request: GET https://www.okx.com/api/v5/market/books?instId=BTC-USD-SWAP "HTTP/2 200 OK"
2024-02-23T10:39:55 INFO _client.py:1027 - HTTP Request: GET https://www.okx.com/api/v5/market/books?instId=ETH-USD-SWAP "HTTP/2 200 OK"
2024-02-23T10:39:56 INFO binance_okx_arbi.py:61 - Order book: {'BTCUSD': {'okx_bid': 51323.8, 'okx_bid_size': 53.25, 'okx_ask': 51323.9, 'okx_ask_size': 3.01, 'bin_bid': 51368.1, 'bin_bid_size': 12.747, 'bin_ask': 51368.2, 'bin_ask_size': 0.807}, 'ETHUSD': {'okx_bid': 2971.64, 'okx_bid_size': 15.41, 'okx_ask': 2971.65, 'okx_ask_size': 10.54, 'bin_bid': 2974.28, 'bin_bid_size': 16.178, 'bin_ask': 2974.29, 'bin_ask_size': 38.921}}
2024-02-23T10:39:57 INFO _client.py:1027 - HTTP Request: GET https://www.okx.com/api/v5/market/books?instId=BTC-USD-SWAP "HTTP/2 200 OK"
2024-02-23T10:39:57 INFO _client.py:1027 - HTTP Request: GET https://www.okx.com/api/v5/market/books?instId=ETH-USD-SWAP "HTTP/2 200 OK"
2024-02-23T10:39:57 INFO binance_okx_arbi.py:61 - Order book: {'BTCUSD': {'okx_bid': 51323.8, 'okx_bid_size': 45.99, 'okx_ask': 51323.9, 'okx_ask_size': 3.01, 'bin_bid': 51368.1, 'bin_bid_size': 11.18, 'bin_ask': 51368.2, 'bin_ask_size': 0.655}, 'ETHUSD': {'okx_bid': 2971.64, 'okx_bid_size': 15.41, 'okx_ask': 2971.65, 'okx_ask_size': 10.22, 'bin_bid': 2974.28, 'bin_bid_size': 14.75, 'bin_ask': 2974.29, 'bin_ask_size': 40.35}}
2024-02-23T10:39:58 INFO _client.py:1027 - HTTP Request: GET https://www.okx.com/api/v5/market/books?instId=BTC-USD-SWAP "HTTP/2 200 OK"
2024-02-23T10:39:59 INFO _client.py:1027 - HTTP Request: GET https://www.okx.com/api/v5/market/books?instId=ETH-USD-SWAP "HTTP/2 200 OK"
2024-02-23T10:39:59 INFO binance_okx_arbi.py:61 - Order book: {'BTCUSD': {'okx_bid': 51323.8, 'okx_bid_size': 44.49, 'okx_ask': 51323.9, 'okx_ask_size': 3.01, 'bin_bid': 51368.1, 'bin_bid_size': 10.718, 'bin_ask': 51368.2, 'bin_ask_size': 0.696}, 'ETHUSD': {'okx_bid': 2971.64, 'okx_bid_size': 15.41, 'okx_ask': 2971.65, 'okx_ask_size': 6.28, 'bin_bid': 2974.28, 'bin_bid_size': 18.237, 'bin_ask': 2974.29, 'bin_ask_size': 40.903}}
2024-02-23T10:40:55 INFO _client.py:1027 - HTTP Request: GET https://www.okx.com/api/v5/market/books?instId=BTC-USD-SWAP "HTTP/2 200 OK"
2024-02-23T10:40:56 INFO _client.py:1027 - HTTP Request: GET https://www.okx.com/api/v5/market/books?instId=ETH-USD-SWAP "HTTP/2 200 OK"
2024-02-23T10:40:56 INFO binance_okx_arbi.py:61 - Order book: {'BTCUSD': {'okx_bid': 51343.6, 'okx_bid_size': 2.27, 'okx_ask': 51343.7, 'okx_ask_size': 2.91, 'bin_bid': 51390.1, 'bin_bid_size': 2.524, 'bin_ask': 51390.2, 'bin_ask_size': 10.209}, 'ETHUSD': {'okx_bid': 2971.78, 'okx_bid_size': 7.94, 'okx_ask': 2971.79, 'okx_ask_size': 19.77, 'bin_bid': 2974.27, 'bin_bid_size': 19.136, 'bin_ask': 2974.28, 'bin_ask_size': 30.598}}
2024-02-23T10:40:57 INFO _client.py:1027 - HTTP Request: GET https://www.okx.com/api/v5/market/books?instId=BTC-USD-SWAP "HTTP/2 200 OK"
2024-02-23T10:40:57 INFO _client.py:1027 - HTTP Request: GET https://www.okx.com/api/v5/market/books?instId=ETH-USD-SWAP "HTTP/2 200 OK"
2024-02-23T10:40:57 INFO binance_okx_arbi.py:61 - Order book: {'BTCUSD': {'okx_bid': 51343.6, 'okx_bid_size': 0.1, 'okx_ask': 51343.7, 'okx_ask_size': 11.04, 'bin_bid': 51385.0, 'bin_bid_size': 1.884, 'bin_ask': 51385.1, 'bin_ask_size': 5.497}, 'ETHUSD': {'okx_bid': 2971.78, 'okx_bid_size': 4.0, 'okx_ask': 2971.79, 'okx_ask_size': 19.49, 'bin_bid': 2974.27, 'bin_bid_size': 12.775, 'bin_ask': 2974.28, 'bin_ask_size': 45.082}}
2024-02-23T10:40:58 INFO _client.py:1027 - HTTP Request: GET https://www.okx.com/api/v5/market/books?instId=BTC-USD-SWAP "HTTP/2 200 OK"
2024-02-23T10:40:59 INFO _client.py:1027 - HTTP Request: GET https://www.okx.com/api/v5/market/books?instId=ETH-USD-SWAP "HTTP/2 200 OK"
2024-02-23T10:40:59 INFO binance_okx_arbi.py:61 - Order book: {'BTCUSD': {'okx_bid': 51343.6, 'okx_bid_size': 0.92, 'okx_ask': 51343.7, 'okx_ask_size': 5.54, 'bin_bid': 51385.0, 'bin_bid_size': 1.584, 'bin_ask': 51385.1, 'bin_ask_size': 4.623}, 'ETHUSD': {'okx_bid': 2971.78, 'okx_bid_size': 10.74, 'okx_ask': 2971.79, 'okx_ask_size': 18.98, 'bin_bid': 2974.27, 'bin_bid_size': 23.846, 'bin_ask': 2974.28, 'bin_ask_size': 28.226}}
2024-02-23T10:41:00 INFO _client.py:1027 - HTTP Request: GET https://www.okx.com/api/v5/market/books?instId=BTC-USD-SWAP "HTTP/2 200 OK"
2024-02-23T10:41:00 INFO _client.py:1027 - HTTP Request: GET https://www.okx.com/api/v5/market/books?instId=ETH-USD-SWAP "HTTP/2 200 OK"
2024-02-23T10:41:00 INFO binance_okx_arbi.py:61 - Order book: {'BTCUSD': {'okx_bid': 51343.6, 'okx_bid_size': 0.6, 'okx_ask': 51343.7, 'okx_ask_size': 5.5, 'bin_bid': 51385.0, 'bin_bid_size': 1.177, 'bin_ask': 51385.1, 'bin_ask_size': 9.66}, 'ETHUSD': {'okx_bid': 2971.78, 'okx_bid_size': 4.81, 'okx_ask': 2971.79, 'okx_ask_size': 18.14, 'bin_bid': 2974.26, 'bin_bid_size': 0.007, 'bin_ask': 2974.27, 'bin_ask_size': 82.857}}
2024-02-23T10:41:01 INFO _client.py:1027 - HTTP Request: GET https://www.okx.com/api/v5/market/books?instId=BTC-USD-SWAP "HTTP/2 200 OK"
2024-02-23T10:41:02 INFO _client.py:1027 - HTTP Request: GET https://www.okx.com/api/v5/market/books?instId=ETH-USD-SWAP "HTTP/2 200 OK"
2024-02-23T10:41:02 INFO binance_okx_arbi.py:61 - Order book: {'BTCUSD': {'okx_bid': 51343.6, 'okx_bid_size': 0.6, 'okx_ask': 51343.7, 'okx_ask_size': 5.12, 'bin_bid': 51385.0, 'bin_bid_size': 2.102, 'bin_ask': 51385.1, 'bin_ask_size': 9.34}, 'ETHUSD': {'okx_bid': 2971.78, 'okx_bid_size': 17.09, 'okx_ask': 2971.79, 'okx_ask_size': 20.24, 'bin_bid': 2974.12, 'bin_bid_size': 54.181, 'bin_ask': 2974.13, 'bin_ask_size': 10.326}}
2024-02-23T10:41:03 INFO _client.py:1027 - HTTP Request: GET https://www.okx.com/api/v5/market/books?instId=BTC-USD-SWAP "HTTP/2 200 OK"
2024-02-23T10:41:03 INFO _client.py:1027 - HTTP Request: GET https://www.okx.com/api/v5/market/books?instId=ETH-USD-SWAP "HTTP/2 200 OK"
2024-02-23T10:41:03 INFO binance_okx_arbi.py:61 - Order book: {'BTCUSD': {'okx_bid': 51340.0, 'okx_bid_size': 2.49, 'okx_ask': 51340.1, 'okx_ask_size': 5.54, 'bin_bid': 51385.0, 'bin_bid_size': 2.117, 'bin_ask': 51385.1, 'bin_ask_size': 9.317}, 'ETHUSD': {'okx_bid': 2971.78, 'okx_bid_size': 2.81, 'okx_ask': 2971.79, 'okx_ask_size': 21.57, 'bin_bid': 2974.12, 'bin_bid_size': 25.389, 'bin_ask': 2974.13, 'bin_ask_size': 7.738}}
2024-02-23T10:41:05 INFO _client.py:1027 - HTTP Request: GET https://www.okx.com/api/v5/market/books?instId=BTC-USD-SWAP "HTTP/2 200 OK"
2024-02-23T10:41:05 INFO _client.py:1027 - HTTP Request: GET https://www.okx.com/api/v5/market/books?instId=ETH-USD-SWAP "HTTP/2 200 OK"
2024-02-23T10:41:05 INFO binance_okx_arbi.py:61 - Order book: {'BTCUSD': {'okx_bid': 51340.0, 'okx_bid_size': 2.33, 'okx_ask': 51340.1, 'okx_ask_size': 6.05, 'bin_bid': 51385.0, 'bin_bid_size': 2.0, 'bin_ask': 51385.1, 'bin_ask_size': 9.178}, 'ETHUSD': {'okx_bid': 2971.78, 'okx_bid_size': 10.35, 'okx_ask': 2971.79, 'okx_ask_size': 21.34, 'bin_bid': 2974.12, 'bin_bid_size': 34.582, 'bin_ask': 2974.13, 'bin_ask_size': 9.443}}
2024-02-23T10:41:06 INFO _client.py:1027 - HTTP Request: GET https://www.okx.com/api/v5/market/books?instId=BTC-USD-SWAP "HTTP/2 200 OK"
2024-02-23T10:41:06 INFO _client.py:1027 - HTTP Request: GET https://www.okx.com/api/v5/market/books?instId=ETH-USD-SWAP "HTTP/2 200 OK"
2024-02-23T10:41:06 INFO binance_okx_arbi.py:61 - Order book: {'BTCUSD': {'okx_bid': 51340.0, 'okx_bid_size': 1.46, 'okx_ask': 51340.1, 'okx_ask_size': 4.64, 'bin_bid': 51385.0, 'bin_bid_size': 1.976, 'bin_ask': 51385.1, 'bin_ask_size': 9.154}, 'ETHUSD': {'okx_bid': 2971.78, 'okx_bid_size': 2.81, 'okx_ask': 2971.79, 'okx_ask_size': 21.56, 'bin_bid': 2974.12, 'bin_bid_size': 13.121, 'bin_ask': 2974.13, 'bin_ask_size': 31.124}}
